
> frontend@0.1.0 dev
> next dev --hostname 127.0.0.1 --port 3000

▲ Next.js 16.2.10 (Turbopack)
- Local:         http://127.0.0.1:3000
- Network:       http://127.0.0.1:3000
- Environments: .env.local
✓ Ready in 1261ms

 GET / 200 in 1250ms (next.js: 372ms, application-code: 878ms)
 GET / 200 in 728ms (next.js: 9ms, application-code: 720ms)
 GET /business-units 200 in 1707ms (next.js: 782ms, application-code: 925ms)
 GET /oils 200 in 2.1s (next.js: 1663ms, application-code: 454ms)
 GET /dates 200 in 539ms (next.js: 17ms, application-code: 521ms)
 GET /real-estate 200 in 503ms (next.js: 7ms, application-code: 495ms)
 GET /import-export 200 in 442ms (next.js: 7ms, application-code: 435ms)
 GET /dates/products 200 in 3.0s (next.js: 1896ms, application-code: 1065ms)
 GET /dates/cart 200 in 1611ms (next.js: 1520ms, application-code: 91ms)
 GET /dates/collections 200 in 2.4s (next.js: 1999ms, application-code: 404ms)
 GET /dates/gift-boxes 200 in 1958ms (next.js: 1587ms, application-code: 371ms)
 GET /dates/seasonal 200 in 1988ms (next.js: 1626ms, application-code: 361ms)
 GET /dates/corporate-gifts 200 in 2.0s (next.js: 1543ms, application-code: 488ms)
 GET /real-estate/real-estate 200 in 2.4s (next.js: 1705ms, application-code: 662ms)
 GET /import-export/services 200 in 2.3s (next.js: 1906ms, application-code: 409ms)
 GET /import-export/rfq 200 in 1717ms (next.js: 1627ms, application-code: 89ms)
 GET /login 200 in 654ms (next.js: 558ms, application-code: 96ms)
 GET /dashboard 200 in 1305ms (next.js: 1104ms, application-code: 201ms)
 GET / 200 in 826ms (next.js: 5ms, application-code: 821ms)
 GET /login 200 in 218ms (next.js: 5ms, application-code: 213ms)
 GET /dashboard 200 in 268ms (next.js: 16ms, application-code: 253ms)
 GET /dates 200 in 1619ms (next.js: 18ms, application-code: 1601ms)
 GET /oils 200 in 1860ms (next.js: 12ms, application-code: 1848ms)
 GET /real-estate/real-estate 200 in 1066ms (next.js: 27ms, application-code: 1039ms)
 GET /import-export/rfq 200 in 150ms (next.js: 20ms, application-code: 129ms)
 GET / 200 in 1876ms (next.js: 7ms, application-code: 1869ms)
 GET /login 200 in 660ms (next.js: 145ms, application-code: 515ms)
 GET /dashboard 200 in 358ms (next.js: 80ms, application-code: 278ms)
 GET /dates 200 in 2.9s (next.js: 39ms, application-code: 2.8s)
 GET /oils 200 in 2.5s (next.js: 8ms, application-code: 2.5s)
 GET /real-estate/real-estate 200 in 1029ms (next.js: 18ms, application-code: 1011ms)
 GET /import-export/rfq 200 in 253ms (next.js: 41ms, application-code: 212ms)
 GET / 200 in 1120ms (next.js: 21ms, application-code: 1099ms)
 GET /login 200 in 296ms (next.js: 85ms, application-code: 211ms)
 GET /dashboard 200 in 459ms (next.js: 19ms, application-code: 440ms)
 GET /dates 200 in 2.6s (next.js: 62ms, application-code: 2.6s)
 GET /oils 200 in 2.6s (next.js: 6ms, application-code: 2.6s)
 GET /real-estate/real-estate 200 in 1294ms (next.js: 22ms, application-code: 1272ms)
 GET /import-export/rfq 200 in 160ms (next.js: 18ms, application-code: 142ms)
 GET / 200 in 874ms (next.js: 7ms, application-code: 867ms)
 GET /login 200 in 287ms (next.js: 38ms, application-code: 249ms)
 GET /dashboard 200 in 125ms (next.js: 8ms, application-code: 117ms)
 GET /dates 200 in 1793ms (next.js: 29ms, application-code: 1764ms)
 GET /oils 200 in 1702ms (next.js: 12ms, application-code: 1690ms)
 GET /real-estate/real-estate 200 in 875ms (next.js: 18ms, application-code: 857ms)
 GET /import-export/rfq 200 in 169ms (next.js: 26ms, application-code: 144ms)
 GET / 200 in 1048ms (next.js: 9ms, application-code: 1039ms)
 GET /login 200 in 926ms (next.js: 7ms, application-code: 919ms)
 GET /dashboard 200 in 1022ms (next.js: 156ms, application-code: 866ms)
 GET /dates 200 in 3.3s (next.js: 40ms, application-code: 3.3s)
 GET /oils 200 in 2.4s (next.js: 62ms, application-code: 2.4s)
 GET /real-estate/real-estate 200 in 1152ms (next.js: 21ms, application-code: 1131ms)
 GET /import-export/rfq 200 in 258ms (next.js: 39ms, application-code: 220ms)
 GET /login 200 in 112ms (next.js: 8ms, application-code: 104ms)
 GET /dashboard 200 in 87ms (next.js: 12ms, application-code: 76ms)
 GET / 200 in 975ms (next.js: 8ms, application-code: 968ms)
 GET /login 200 in 243ms (next.js: 12ms, application-code: 231ms)
 GET /dashboard 200 in 285ms (next.js: 16ms, application-code: 269ms)
 GET /dates 200 in 1847ms (next.js: 19ms, application-code: 1828ms)
 GET /oils 200 in 1636ms (next.js: 6ms, application-code: 1630ms)
 GET /real-estate/real-estate 200 in 1065ms (next.js: 22ms, application-code: 1043ms)
 GET /import-export/rfq 200 in 161ms (next.js: 22ms, application-code: 139ms)
 GET /login 200 in 131ms (next.js: 10ms, application-code: 121ms)
 GET /dashboard 200 in 75ms (next.js: 8ms, application-code: 67ms)
 GET / 200 in 616ms (next.js: 6ms, application-code: 610ms)
 GET / 200 in 689ms (next.js: 8ms, application-code: 682ms)
 GET / 200 in 716ms (next.js: 6ms, application-code: 710ms)
 GET /business-units 200 in 770ms (next.js: 7ms, application-code: 764ms)
 GET /oils 200 in 1571ms (next.js: 14ms, application-code: 1557ms)
 GET /real-estate 200 in 751ms (next.js: 17ms, application-code: 734ms)
 GET /dates 200 in 1483ms (next.js: 13ms, application-code: 1471ms)
 GET /dates/corporate-gifts 200 in 584ms (next.js: 17ms, application-code: 567ms)
 GET /dates/products/premium-medjool-gift-box 200 in 2.7s (next.js: 2.0s, application-code: 668ms)
 GET /dates 200 in 1351ms (next.js: 19ms, application-code: 1333ms)
 GET /dates/gift-boxes 200 in 582ms (next.js: 17ms, application-code: 566ms)
 GET /dates/products/corporate-dates-gift-box 200 in 792ms (next.js: 13ms, application-code: 779ms)
 GET /dates/products/classic-dates-box-500g 200 in 1065ms (next.js: 19ms, application-code: 1047ms)
 GET /business-units 200 in 1129ms (next.js: 8ms, application-code: 1121ms)
 GET /about 200 in 1241ms (next.js: 793ms, application-code: 448ms)
 GET /contact 200 in 1121ms (next.js: 656ms, application-code: 465ms)
 GET / 200 in 312ms (next.js: 7ms, application-code: 305ms)
 GET / 200 in 372ms (next.js: 7ms, application-code: 365ms)
✓ Compiled in 1003ms
 GET / 200 in 1689ms (next.js: 609ms, application-code: 1080ms)
 GET / 200 in 449ms (next.js: 46ms, application-code: 403ms)
 GET / 200 in 1346ms (next.js: 49ms, application-code: 1298ms)
 GET / 200 in 1032ms (next.js: 195ms, application-code: 837ms)
 GET / 200 in 1035ms (next.js: 11ms, application-code: 1025ms)
 GET / 200 in 1035ms (next.js: 409ms, application-code: 626ms)
 GET / 200 in 1312ms (next.js: 17ms, application-code: 1295ms)
 GET / 200 in 148ms (next.js: 9ms, application-code: 139ms)
 GET / 200 in 3.2s (next.js: 835ms, application-code: 2.3s)
✓ Compiled in 312ms
 GET / 200 in 676ms (next.js: 475ms, application-code: 201ms)
 GET / 200 in 1046ms (next.js: 18ms, application-code: 1028ms)
 GET / 200 in 874ms (next.js: 9ms, application-code: 865ms)
 GET / 200 in 713ms (next.js: 370ms, application-code: 342ms)
 GET / 200 in 708ms (next.js: 87ms, application-code: 622ms)
 GET / 200 in 717ms (next.js: 226ms, application-code: 491ms)
 GET / 200 in 833ms (next.js: 50ms, application-code: 783ms)
 GET / 200 in 686ms (next.js: 24ms, application-code: 662ms)
 GET / 200 in 688ms (next.js: 135ms, application-code: 554ms)
 GET / 200 in 691ms (next.js: 259ms, application-code: 431ms)
 GET / 200 in 694ms (next.js: 354ms, application-code: 340ms)
 GET / 200 in 352ms (next.js: 132ms, application-code: 219ms)
 GET / 200 in 819ms (next.js: 18ms, application-code: 802ms)
 GET / 200 in 816ms (next.js: 101ms, application-code: 716ms)
 GET / 200 in 730ms (next.js: 153ms, application-code: 577ms)
 GET / 200 in 598ms (next.js: 130ms, application-code: 468ms)
 GET / 200 in 601ms (next.js: 229ms, application-code: 372ms)
 GET / 200 in 487ms (next.js: 265ms, application-code: 222ms)
 GET / 200 in 1009ms (next.js: 12ms, application-code: 997ms)
 GET / 200 in 1023ms (next.js: 118ms, application-code: 905ms)
 GET / 200 in 1022ms (next.js: 300ms, application-code: 722ms)
 GET / 200 in 1017ms (next.js: 371ms, application-code: 647ms)
 GET / 200 in 1018ms (next.js: 469ms, application-code: 549ms)
 GET / 200 in 391ms (next.js: 95ms, application-code: 296ms)
 GET / 200 in 295ms (next.js: 17ms, application-code: 278ms)
 GET / 200 in 297ms (next.js: 136ms, application-code: 161ms)
✓ Compiled in 305ms
 GET / 200 in 1049ms (next.js: 398ms, application-code: 651ms)
 GET / 200 in 406ms (next.js: 36ms, application-code: 371ms)
 GET / 200 in 1069ms (next.js: 18ms, application-code: 1051ms)
 GET / 200 in 911ms (next.js: 12ms, application-code: 899ms)
 GET / 200 in 653ms (next.js: 18ms, application-code: 635ms)
 GET / 200 in 651ms (next.js: 423ms, application-code: 229ms)
 GET / 200 in 656ms (next.js: 267ms, application-code: 389ms)
 GET / 200 in 660ms (next.js: 193ms, application-code: 467ms)
 GET /business-units 200 in 23.1s (next.js: 468ms, application-code: 22.7s)
✓ Compiled in 346ms
 GET /business-units 200 in 461ms (next.js: 220ms, application-code: 242ms)
 GET /business-units 200 in 206ms (next.js: 6ms, application-code: 199ms)
 GET /business-units 200 in 116ms (next.js: 13ms, application-code: 103ms)
✓ Compiled in 439ms
 GET /business-units 200 in 529ms (next.js: 230ms, application-code: 299ms)
 GET /business-units 200 in 120ms (next.js: 7ms, application-code: 112ms)
✓ Compiled in 419ms
 GET /business-units 200 in 378ms (next.js: 174ms, application-code: 203ms)
 GET /business-units 200 in 110ms (next.js: 6ms, application-code: 104ms)
 GET /business-units 200 in 378ms (next.js: 11ms, application-code: 366ms)
 GET /business-units 200 in 263ms (next.js: 17ms, application-code: 246ms)
 GET /business-units 200 in 147ms (next.js: 10ms, application-code: 137ms)
 GET /business-units 200 in 615ms (next.js: 37ms, application-code: 578ms)
 GET /business-units 200 in 616ms (next.js: 160ms, application-code: 457ms)
 GET /business-units 200 in 617ms (next.js: 255ms, application-code: 362ms)
 GET /business-units 200 in 606ms (next.js: 312ms, application-code: 294ms)
 GET /business-units 200 in 602ms (next.js: 381ms, application-code: 222ms)
✓ Compiled in 230ms
 GET /business-units 200 in 586ms (next.js: 266ms, application-code: 320ms)
 GET /business-units 200 in 168ms (next.js: 10ms, application-code: 157ms)
 GET /business-units 200 in 154ms (next.js: 7ms, application-code: 147ms)
✓ Compiled in 612ms
 GET /business-units 200 in 539ms (next.js: 361ms, application-code: 178ms)
 GET /business-units 200 in 252ms (next.js: 8ms, application-code: 244ms)
 GET /business-units 200 in 153ms (next.js: 7ms, application-code: 145ms)
 GET /business-units 200 in 26ms (next.js: 10ms, application-code: 15ms)
 GET /business-units 200 in 934ms (next.js: 8ms, application-code: 926ms)
 GET /dashboard 200 in 345ms (next.js: 254ms, application-code: 90ms)
 GET /login?next=%2Fdashboard 200 in 734ms (next.js: 450ms, application-code: 284ms)
 GET /login?next=%2Fdashboard 200 in 175ms (next.js: 37ms, application-code: 138ms)
✓ Compiled in 199ms
 GET /login?next=%2Fdashboard 200 in 347ms (next.js: 193ms, application-code: 154ms)
 GET /login?next=%2Fdashboard 200 in 75ms (next.js: 10ms, application-code: 65ms)
 GET /login?next=%2Fdashboard 200 in 77ms (next.js: 12ms, application-code: 65ms)
✓ Compiled in 630ms
 GET /login?next=%2Fdashboard 200 in 500ms (next.js: 191ms, application-code: 309ms)
 GET /login?next=%2Fdashboard 200 in 75ms (next.js: 9ms, application-code: 66ms)
 GET /login?next=%2Fdashboard 200 in 375ms (next.js: 11ms, application-code: 363ms)
 GET / 200 in 1771ms (next.js: 219ms, application-code: 1552ms)
 GET / 200 in 1270ms (next.js: 7ms, application-code: 1262ms)
 GET /login 200 in 144ms (next.js: 21ms, application-code: 123ms)
 GET /dashboard 200 in 1276ms (next.js: 266ms, application-code: 1010ms)
 GET /dates 200 in 2.9s (next.js: 238ms, application-code: 2.6s)
 GET /oils 200 in 1820ms (next.js: 17ms, application-code: 1803ms)
 GET /real-estate/real-estate 200 in 2.3s (next.js: 195ms, application-code: 2.1s)
 GET /import-export/rfq 200 in 1016ms (next.js: 292ms, application-code: 724ms)
 GET / 200 in 1259ms (next.js: 8ms, application-code: 1251ms)
 GET / 200 in 1206ms (next.js: 11ms, application-code: 1196ms)
 GET /oils/products 200 in 2.3s (next.js: 241ms, application-code: 2.0s)
 GET /real-estate/real-estate 200 in 871ms (next.js: 18ms, application-code: 852ms)
 GET /login 200 in 83ms (next.js: 6ms, application-code: 77ms)
 GET /dashboard 200 in 50ms (next.js: 6ms, application-code: 44ms)
 GET /business-units 200 in 1414ms (next.js: 211ms, application-code: 1203ms)
✓ Compiled in 512ms
 GET /login?next=%2Fdashboard 200 in 496ms (next.js: 236ms, application-code: 260ms)
 GET /login?next=%2Fdashboard 200 in 162ms (next.js: 9ms, application-code: 154ms)
 GET /login?next=%2Fdashboard 200 in 195ms (next.js: 8ms, application-code: 187ms)
 GET /login?next=%2Fdashboard 200 in 102ms (next.js: 8ms, application-code: 94ms)
 GET /login?next=%2Fdashboard 200 in 632ms (next.js: 115ms, application-code: 517ms)
 GET /login?next=%2Fdashboard 200 in 656ms (next.js: 44ms, application-code: 612ms)
 GET /login?next=%2Fdashboard 200 in 645ms (next.js: 352ms, application-code: 293ms)
 GET /login?next=%2Fdashboard 200 in 209ms (next.js: 11ms, application-code: 198ms)
 GET /login?next=%2Fdashboard 200 in 209ms (next.js: 72ms, application-code: 138ms)
 GET /login?next=%2Fdashboard 200 in 215ms (next.js: 119ms, application-code: 96ms)
 GET / 200 in 2.3s (next.js: 439ms, application-code: 1911ms)
 GET /login 200 in 159ms (next.js: 7ms, application-code: 151ms)
 GET /dashboard 200 in 91ms (next.js: 28ms, application-code: 63ms)
✓ Compiled in 225ms
 GET /login?next=%2Fdashboard 200 in 402ms (next.js: 240ms, application-code: 163ms)
 GET /login?next=%2Fdashboard 200 in 169ms (next.js: 8ms, application-code: 161ms)
 GET /login?next=%2Fdashboard 200 in 111ms (next.js: 7ms, application-code: 104ms)
 GET /login?next=%2Fdashboard 200 in 511ms (next.js: 78ms, application-code: 433ms)
 GET /login?next=%2Fdashboard 200 in 362ms (next.js: 13ms, application-code: 349ms)
 GET /login?next=%2Fdashboard 200 in 344ms (next.js: 66ms, application-code: 277ms)
 GET /login?next=%2Fdashboard 200 in 342ms (next.js: 113ms, application-code: 229ms)
 GET /login?next=%2Fdashboard 200 in 343ms (next.js: 176ms, application-code: 167ms)
 GET /login?next=%2Fdashboard 200 in 348ms (next.js: 11ms, application-code: 337ms)
 GET /login?next=%2Fdashboard 200 in 82ms (next.js: 10ms, application-code: 73ms)
✓ Compiled in 2.1s
 GET /login?next=%2Fdashboard 200 in 64ms (next.js: 9ms, application-code: 55ms)
 GET /login?next=%2Fdashboard 200 in 72ms (next.js: 7ms, application-code: 65ms)
 GET /login?next=%2Fdashboard 200 in 73ms (next.js: 15ms, application-code: 58ms)
 GET /login?next=%2Fdashboard 200 in 165ms (next.js: 7ms, application-code: 158ms)
 GET /login?next=%2Fdashboard 200 in 505ms (next.js: 27ms, application-code: 478ms)
 GET /login?next=%2Fdashboard 200 in 413ms (next.js: 9ms, application-code: 404ms)
 GET /login?next=%2Fdashboard 200 in 414ms (next.js: 65ms, application-code: 348ms)
 GET /login?next=%2Fdashboard 200 in 307ms (next.js: 21ms, application-code: 286ms)
 GET /login?next=%2Fdashboard 200 in 217ms (next.js: 33ms, application-code: 184ms)
 GET /login?next=%2Fdashboard 200 in 211ms (next.js: 111ms, application-code: 99ms)
 GET /login?next=%2Fdashboard 200 in 659ms (next.js: 18ms, application-code: 641ms)
 GET /login?next=%2Fdashboard 200 in 663ms (next.js: 78ms, application-code: 586ms)
 GET /login?next=%2Fdashboard 200 in 655ms (next.js: 151ms, application-code: 504ms)
 GET /login?next=%2Fdashboard 200 in 433ms (next.js: 167ms, application-code: 266ms)
 GET /login?next=%2Fdashboard 200 in 453ms (next.js: 37ms, application-code: 416ms)
 GET /login?next=%2Fdashboard 200 in 438ms (next.js: 282ms, application-code: 156ms)
 GET /login?next=%2Fdashboard 200 in 414ms (next.js: 225ms, application-code: 189ms)
 GET / 200 in 2.4s (next.js: 424ms, application-code: 1938ms)
 GET /login?next=%2Fdashboard 200 in 160ms (next.js: 7ms, application-code: 153ms)
 GET /business-units 200 in 1859ms (next.js: 461ms, application-code: 1398ms)
 GET /business-units 200 in 20ms (next.js: 7ms, application-code: 12ms)
 GET /business-units 200 in 761ms (next.js: 7ms, application-code: 754ms)
 GET /business-units 200 in 1081ms (next.js: 6ms, application-code: 1075ms)
 GET /about 200 in 736ms (next.js: 192ms, application-code: 545ms)
 GET / 200 in 674ms (next.js: 5ms, application-code: 669ms)
 GET / 200 in 1158ms (next.js: 9ms, application-code: 1149ms)
 GET /import-export 200 in 1301ms (next.js: 264ms, application-code: 1037ms)
✓ Compiled in 394ms
✓ Compiled in 193ms
 GET / 200 in 837ms (next.js: 371ms, application-code: 467ms)
 GET / 200 in 317ms (next.js: 33ms, application-code: 284ms)
 GET / 200 in 903ms (next.js: 8ms, application-code: 894ms)
 GET / 200 in 1158ms (next.js: 10ms, application-code: 1148ms)
 GET / 200 in 1024ms (next.js: 21ms, application-code: 1002ms)
 GET / 200 in 1027ms (next.js: 106ms, application-code: 921ms)
 GET / 200 in 1023ms (next.js: 239ms, application-code: 784ms)
 GET / 200 in 1024ms (next.js: 320ms, application-code: 704ms)
 GET / 200 in 411ms (next.js: 11ms, application-code: 400ms)
 GET / 200 in 140ms (next.js: 24ms, application-code: 116ms)
✓ Compiled in 257ms
 GET / 200 in 1429ms (next.js: 511ms, application-code: 918ms)
 GET / 200 in 625ms (next.js: 111ms, application-code: 514ms)
 GET / 200 in 351ms (next.js: 13ms, application-code: 338ms)
 GET / 200 in 352ms (next.js: 145ms, application-code: 208ms)
 GET / 200 in 147ms (next.js: 19ms, application-code: 129ms)
 GET / 200 in 696ms (next.js: 469ms, application-code: 226ms)
✓ Compiled in 96ms
 GET / 200 in 430ms (next.js: 260ms, application-code: 170ms)
 GET / 200 in 108ms (next.js: 10ms, application-code: 99ms)
 GET /dashboard 200 in 280ms (next.js: 198ms, application-code: 82ms)
 GET /login?next=%2Fdashboard 200 in 88ms (next.js: 35ms, application-code: 53ms)
 GET /login?next=%2Fdashboard 200 in 42ms (next.js: 8ms, application-code: 34ms)
✓ Compiled in 165ms
 GET / 200 in 515ms (next.js: 297ms, application-code: 218ms)
 GET / 200 in 723ms (next.js: 23ms, application-code: 700ms)
 GET /about 200 in 1222ms (next.js: 420ms, application-code: 802ms)
 GET / 200 in 807ms (next.js: 7ms, application-code: 801ms)
✓ Compiled in 132ms
 GET / 200 in 603ms (next.js: 308ms, application-code: 296ms)
 GET / 200 in 139ms (next.js: 8ms, application-code: 131ms)
✓ Compiled in 169ms
 GET / 200 in 659ms (next.js: 360ms, application-code: 299ms)
 GET / 200 in 135ms (next.js: 10ms, application-code: 125ms)
✓ Compiled in 550ms
 GET / 200 in 596ms (next.js: 279ms, application-code: 318ms)
 GET / 200 in 133ms (next.js: 7ms, application-code: 127ms)
✓ Compiled in 181ms
 GET / 200 in 514ms (next.js: 267ms, application-code: 247ms)
 GET / 200 in 104ms (next.js: 8ms, application-code: 96ms)
 GET / 200 in 232ms (next.js: 8ms, application-code: 224ms)
 GET / 200 in 157ms (next.js: 40ms, application-code: 117ms)
 GET / 200 in 736ms (next.js: 12ms, application-code: 724ms)
 GET / 200 in 734ms (next.js: 84ms, application-code: 650ms)
 GET / 200 in 580ms (next.js: 61ms, application-code: 519ms)
 GET / 200 in 583ms (next.js: 120ms, application-code: 463ms)
 GET / 200 in 590ms (next.js: 183ms, application-code: 407ms)
 GET / 200 in 688ms (next.js: 270ms, application-code: 418ms)
 GET / 200 in 1082ms (next.js: 10ms, application-code: 1072ms)
 GET / 200 in 1083ms (next.js: 67ms, application-code: 1017ms)
 GET / 200 in 932ms (next.js: 78ms, application-code: 854ms)
 GET / 200 in 934ms (next.js: 140ms, application-code: 794ms)
 GET / 200 in 871ms (next.js: 361ms, application-code: 511ms)
 GET / 200 in 212ms (next.js: 46ms, application-code: 166ms)
 GET / 200 in 742ms (next.js: 12ms, application-code: 730ms)
 GET / 200 in 745ms (next.js: 71ms, application-code: 674ms)
 GET / 200 in 564ms (next.js: 85ms, application-code: 479ms)
 GET / 200 in 499ms (next.js: 139ms, application-code: 360ms)
✓ Compiled in 200ms
 GET / 200 in 586ms (next.js: 295ms, application-code: 291ms)
 GET / 200 in 129ms (next.js: 9ms, application-code: 121ms)
 GET / 200 in 798ms (next.js: 11ms, application-code: 787ms)
 GET / 200 in 686ms (next.js: 20ms, application-code: 665ms)
 GET / 200 in 727ms (next.js: 69ms, application-code: 659ms)
 GET / 200 in 756ms (next.js: 13ms, application-code: 743ms)
 GET / 200 in 758ms (next.js: 171ms, application-code: 587ms)
 GET / 200 in 759ms (next.js: 235ms, application-code: 525ms)
 GET / 200 in 736ms (next.js: 9ms, application-code: 727ms)
 GET / 200 in 619ms (next.js: 11ms, application-code: 608ms)
 GET / 200 in 696ms (next.js: 10ms, application-code: 686ms)
 GET / 200 in 696ms (next.js: 76ms, application-code: 620ms)
 GET / 200 in 697ms (next.js: 182ms, application-code: 515ms)
 GET / 200 in 703ms (next.js: 254ms, application-code: 449ms)
 GET / 200 in 728ms (next.js: 10ms, application-code: 719ms)
 GET / 200 in 637ms (next.js: 16ms, application-code: 621ms)
 GET / 200 in 520ms (next.js: 85ms, application-code: 435ms)
 GET / 200 in 523ms (next.js: 8ms, application-code: 515ms)
 GET / 200 in 523ms (next.js: 156ms, application-code: 367ms)
 GET / 200 in 378ms (next.js: 188ms, application-code: 190ms)
✓ Compiled in 379ms
✓ Compiled in 116ms
 GET / 200 in 326ms (next.js: 205ms, application-code: 121ms)
 GET / 200 in 95ms (next.js: 6ms, application-code: 89ms)
✓ Compiled in 319ms
 GET / 200 in 375ms (next.js: 229ms, application-code: 146ms)
 GET / 200 in 116ms (next.js: 7ms, application-code: 109ms)
✓ Compiled in 457ms
 GET / 200 in 282ms (next.js: 7ms, application-code: 275ms)
 GET / 200 in 477ms (next.js: 327ms, application-code: 150ms)
✓ Compiled in 230ms
 GET / 200 in 974ms (next.js: 259ms, application-code: 715ms)
 GET / 200 in 608ms (next.js: 142ms, application-code: 466ms)
 GET / 200 in 234ms (next.js: 8ms, application-code: 226ms)
 GET / 200 in 818ms (next.js: 7ms, application-code: 811ms)
 GET / 200 in 819ms (next.js: 10ms, application-code: 809ms)
 GET / 200 in 820ms (next.js: 74ms, application-code: 746ms)
 GET / 200 in 820ms (next.js: 345ms, application-code: 475ms)
 GET / 200 in 823ms (next.js: 267ms, application-code: 556ms)
 GET / 200 in 827ms (next.js: 411ms, application-code: 416ms)
 GET / 200 in 833ms (next.js: 8ms, application-code: 825ms)
 GET / 200 in 715ms (next.js: 89ms, application-code: 626ms)
 GET / 200 in 715ms (next.js: 14ms, application-code: 701ms)
 GET / 200 in 716ms (next.js: 172ms, application-code: 545ms)
 GET / 200 in 775ms (next.js: 287ms, application-code: 488ms)
 GET / 200 in 801ms (next.js: 351ms, application-code: 450ms)
 GET / 200 in 703ms (next.js: 18ms, application-code: 686ms)
 GET / 200 in 614ms (next.js: 32ms, application-code: 582ms)
 GET / 200 in 591ms (next.js: 92ms, application-code: 499ms)
 GET / 200 in 593ms (next.js: 167ms, application-code: 426ms)
 GET / 200 in 512ms (next.js: 309ms, application-code: 204ms)
✓ Compiled in 239ms
 GET / 200 in 1411ms (next.js: 379ms, application-code: 1031ms)
 GET / 200 in 945ms (next.js: 9ms, application-code: 936ms)
 GET / 200 in 783ms (next.js: 21ms, application-code: 762ms)
 GET / 200 in 787ms (next.js: 156ms, application-code: 631ms)
 GET / 200 in 787ms (next.js: 419ms, application-code: 368ms)
 GET / 200 in 790ms (next.js: 258ms, application-code: 532ms)
 GET / 200 in 702ms (next.js: 9ms, application-code: 693ms)
 GET / 200 in 698ms (next.js: 17ms, application-code: 681ms)
 GET / 200 in 576ms (next.js: 11ms, application-code: 565ms)
 GET / 200 in 577ms (next.js: 65ms, application-code: 512ms)
 GET / 200 in 578ms (next.js: 185ms, application-code: 393ms)
 GET / 200 in 586ms (next.js: 124ms, application-code: 462ms)
 GET / 200 in 1082ms (next.js: 9ms, application-code: 1073ms)
 GET / 200 in 961ms (next.js: 12ms, application-code: 950ms)
 GET / 200 in 1037ms (next.js: 80ms, application-code: 957ms)
 GET / 200 in 983ms (next.js: 166ms, application-code: 817ms)
 GET / 200 in 984ms (next.js: 270ms, application-code: 713ms)
 GET / 200 in 985ms (next.js: 363ms, application-code: 622ms)
 GET / 200 in 469ms (next.js: 14ms, application-code: 455ms)
 GET / 200 in 269ms (next.js: 18ms, application-code: 251ms)
 GET / 200 in 2.0s (next.js: 10ms, application-code: 2.0s)
 GET / 200 in 1430ms (next.js: 7ms, application-code: 1422ms)
 GET / 200 in 1194ms (next.js: 7ms, application-code: 1187ms)
 GET /business-units 200 in 1845ms (next.js: 255ms, application-code: 1590ms)
 GET /business-units 200 in 1697ms (next.js: 15ms, application-code: 1682ms)
 GET /oils 200 in 2.6s (next.js: 271ms, application-code: 2.3s)
 GET /dates 200 in 1898ms (next.js: 18ms, application-code: 1880ms)
 GET /real-estate 200 in 1004ms (next.js: 54ms, application-code: 951ms)
 GET /import-export 200 in 1001ms (next.js: 18ms, application-code: 983ms)
 GET /login 200 in 1121ms (next.js: 549ms, application-code: 572ms)
 GET /dashboard 200 in 780ms (next.js: 264ms, application-code: 516ms)
 GET /login?next=%2Fdashboard 200 in 58ms (next.js: 10ms, application-code: 49ms)
 GET /login 200 in 163ms (next.js: 9ms, application-code: 154ms)
 GET /dashboard 200 in 123ms (next.js: 7ms, application-code: 116ms)
 GET /login?next=%2Fdashboard 200 in 53ms (next.js: 10ms, application-code: 43ms)
✓ Compiled in 120ms
 GET / 200 in 457ms (next.js: 295ms, application-code: 161ms)
 GET / 200 in 347ms (next.js: 18ms, application-code: 329ms)
 GET / 200 in 184ms (next.js: 22ms, application-code: 161ms)
 GET / 200 in 1127ms (next.js: 8ms, application-code: 1119ms)
 GET / 200 in 1136ms (next.js: 106ms, application-code: 1030ms)
 GET / 200 in 786ms (next.js: 11ms, application-code: 775ms)
 GET / 200 in 787ms (next.js: 172ms, application-code: 615ms)
 GET / 200 in 788ms (next.js: 285ms, application-code: 503ms)
 GET / 200 in 790ms (next.js: 506ms, application-code: 285ms)
 GET / 200 in 175ms (next.js: 17ms, application-code: 158ms)
✓ Compiled in 129ms
 GET / 200 in 532ms (next.js: 366ms, application-code: 166ms)
 GET / 200 in 181ms (next.js: 20ms, application-code: 161ms)
 GET / 200 in 717ms (next.js: 80ms, application-code: 638ms)
 GET / 200 in 263ms (next.js: 52ms, application-code: 211ms)
 GET / 200 in 1314ms (next.js: 110ms, application-code: 1204ms)
 GET / 200 in 1316ms (next.js: 12ms, application-code: 1304ms)
 GET / 200 in 985ms (next.js: 33ms, application-code: 952ms)
 GET / 200 in 992ms (next.js: 195ms, application-code: 797ms)
 GET / 200 in 989ms (next.js: 301ms, application-code: 688ms)
 GET / 200 in 994ms (next.js: 628ms, application-code: 367ms)
✓ Compiled in 496ms
✓ Compiled in 211ms
 GET / 200 in 766ms (next.js: 284ms, application-code: 482ms)
 GET / 200 in 274ms (next.js: 62ms, application-code: 213ms)
 GET /real-estate 200 in 1869ms (next.js: 573ms, application-code: 1296ms)
 GET /business-units 200 in 1310ms (next.js: 268ms, application-code: 1043ms)
 GET /dates 200 in 1895ms (next.js: 19ms, application-code: 1876ms)
 GET /dates/collections 200 in 1120ms (next.js: 258ms, application-code: 863ms)
 GET /dates/products/premium-medjool-dates-1kg 200 in 1721ms (next.js: 251ms, application-code: 1471ms)
 GET / 200 in 1325ms (next.js: 8ms, application-code: 1317ms)
 GET / 200 in 1630ms (next.js: 8ms, application-code: 1623ms)
 GET / 200 in 1696ms (next.js: 7ms, application-code: 1688ms)
 GET /business-units 200 in 1783ms (next.js: 8ms, application-code: 1776ms)
 GET /business-units 200 in 1447ms (next.js: 10ms, application-code: 1437ms)
 GET /oils 200 in 2.4s (next.js: 20ms, application-code: 2.4s)
 GET /dates 200 in 2.0s (next.js: 36ms, application-code: 1967ms)
 GET /real-estate 200 in 979ms (next.js: 18ms, application-code: 961ms)
 GET /import-export 200 in 984ms (next.js: 23ms, application-code: 961ms)
 GET /login 200 in 240ms (next.js: 57ms, application-code: 182ms)
 GET /dashboard 200 in 212ms (next.js: 37ms, application-code: 176ms)
 GET /login?next=%2Fdashboard 200 in 57ms (next.js: 8ms, application-code: 49ms)
 GET /login 200 in 172ms (next.js: 8ms, application-code: 164ms)
 GET /dashboard 200 in 147ms (next.js: 8ms, application-code: 139ms)
 GET /login?next=%2Fdashboard 200 in 61ms (next.js: 11ms, application-code: 49ms)
✓ Compiled in 711ms
 GET /dates/products/premium-medjool-dates-1kg 200 in 1961ms (next.js: 1330ms, application-code: 631ms)
 GET /dates/products/premium-medjool-dates-1kg 200 in 1899ms (next.js: 141ms, application-code: 1758ms)
 GET / 200 in 2.5s (next.js: 64ms, application-code: 2.4s)
 GET / 200 in 2.1s (next.js: 7ms, application-code: 2.1s)
 GET / 200 in 2.0s (next.js: 8ms, application-code: 2.0s)
 GET /business-units 200 in 2.4s (next.js: 42ms, application-code: 2.3s)
 GET /business-units 200 in 3.6s (next.js: 9ms, application-code: 3.6s)
 GET /oils 200 in 3.9s (next.js: 417ms, application-code: 3.4s)
 GET /dates 200 in 1944ms (next.js: 8ms, application-code: 1936ms)
 GET /real-estate 200 in 1228ms (next.js: 24ms, application-code: 1205ms)
 GET /import-export 200 in 1266ms (next.js: 34ms, application-code: 1232ms)
 GET /login 200 in 426ms (next.js: 43ms, application-code: 383ms)
 GET /dashboard 200 in 943ms (next.js: 41ms, application-code: 902ms)
 GET /login?next=%2Fdashboard 200 in 69ms (next.js: 7ms, application-code: 62ms)
 GET /login 200 in 332ms (next.js: 7ms, application-code: 325ms)
 GET /dashboard 200 in 738ms (next.js: 8ms, application-code: 730ms)
 GET /login?next=%2Fdashboard 200 in 1148ms (next.js: 940ms, application-code: 208ms)
 GET / 200 in 2.6s (next.js: 36ms, application-code: 2.5s)
 GET /business-units 200 in 3.5s (next.js: 9ms, application-code: 3.5s)
 GET /login 200 in 444ms (next.js: 12ms, application-code: 432ms)
 GET /dashboard 200 in 254ms (next.js: 9ms, application-code: 245ms)
 GET /login?next=%2Fdashboard 200 in 83ms (next.js: 12ms, application-code: 71ms)
 GET / 200 in 2.7s (next.js: 15ms, application-code: 2.7s)
 GET /business-units 200 in 2.4s (next.js: 10ms, application-code: 2.4s)
 GET /login 200 in 189ms (next.js: 9ms, application-code: 180ms)
 GET /dashboard 200 in 252ms (next.js: 8ms, application-code: 245ms)
 GET /login?next=%2Fdashboard 200 in 111ms (next.js: 45ms, application-code: 66ms)
 GET / 200 in 2.0s (next.js: 8ms, application-code: 2.0s)
 GET /business-units 200 in 2.2s (next.js: 9ms, application-code: 2.2s)
 GET /login 200 in 169ms (next.js: 11ms, application-code: 158ms)
 GET /dashboard 200 in 190ms (next.js: 11ms, application-code: 179ms)
 GET /login?next=%2Fdashboard 200 in 80ms (next.js: 19ms, application-code: 62ms)
 GET / 200 in 2.3s (next.js: 13ms, application-code: 2.3s)
 GET /business-units 200 in 1372ms (next.js: 17ms, application-code: 1355ms)
 GET /login 200 in 145ms (next.js: 7ms, application-code: 138ms)
 GET /dashboard 200 in 192ms (next.js: 7ms, application-code: 185ms)
 GET /login?next=%2Fdashboard 200 in 59ms (next.js: 9ms, application-code: 50ms)
 GET / 200 in 1326ms (next.js: 9ms, application-code: 1316ms)
 GET /business-units 200 in 1321ms (next.js: 9ms, application-code: 1313ms)
 GET /login 200 in 158ms (next.js: 7ms, application-code: 151ms)
 GET /dashboard 200 in 197ms (next.js: 9ms, application-code: 188ms)
 GET /login?next=%2Fdashboard 200 in 68ms (next.js: 14ms, application-code: 54ms)
 GET / 200 in 1577ms (next.js: 9ms, application-code: 1569ms)
 GET /business-units 200 in 1553ms (next.js: 7ms, application-code: 1546ms)
 GET /login 200 in 100ms (next.js: 7ms, application-code: 93ms)
 GET /dashboard 200 in 194ms (next.js: 7ms, application-code: 187ms)
 GET /login?next=%2Fdashboard 200 in 57ms (next.js: 11ms, application-code: 46ms)
 GET / 200 in 1123ms (next.js: 9ms, application-code: 1115ms)
 GET /business-units 200 in 1148ms (next.js: 8ms, application-code: 1140ms)
 GET /login 200 in 181ms (next.js: 9ms, application-code: 173ms)
 GET /dashboard 200 in 92ms (next.js: 7ms, application-code: 84ms)
 GET /login?next=%2Fdashboard 200 in 39ms (next.js: 9ms, application-code: 30ms)
 GET / 200 in 1214ms (next.js: 6ms, application-code: 1208ms)
 GET /business-units 200 in 1155ms (next.js: 8ms, application-code: 1147ms)
 GET /login 200 in 85ms (next.js: 8ms, application-code: 77ms)
 GET /dashboard 200 in 111ms (next.js: 7ms, application-code: 103ms)
 GET /login?next=%2Fdashboard 200 in 45ms (next.js: 8ms, application-code: 37ms)
 GET / 200 in 1150ms (next.js: 9ms, application-code: 1141ms)
 GET /business-units 200 in 1571ms (next.js: 8ms, application-code: 1563ms)
 GET /login 200 in 126ms (next.js: 9ms, application-code: 117ms)
 GET /dashboard 200 in 957ms (next.js: 339ms, application-code: 618ms)
 GET /login?next=%2Fdashboard 200 in 90ms (next.js: 33ms, application-code: 57ms)
 GET / 200 in 1899ms (next.js: 49ms, application-code: 1850ms)
 GET /business-units 200 in 1268ms (next.js: 8ms, application-code: 1260ms)
 GET /login 200 in 134ms (next.js: 8ms, application-code: 126ms)
 GET /dashboard 200 in 160ms (next.js: 7ms, application-code: 153ms)
 GET /login?next=%2Fdashboard 200 in 66ms (next.js: 19ms, application-code: 48ms)
 GET / 200 in 1860ms (next.js: 18ms, application-code: 1842ms)
 GET /business-units 200 in 2.5s (next.js: 13ms, application-code: 2.5s)
 GET /login 200 in 275ms (next.js: 14ms, application-code: 261ms)
 GET /dashboard 200 in 205ms (next.js: 8ms, application-code: 197ms)
 GET /login?next=%2Fdashboard 200 in 66ms (next.js: 8ms, application-code: 58ms)
 GET / 200 in 1634ms (next.js: 15ms, application-code: 1619ms)
 GET /business-units 200 in 1383ms (next.js: 8ms, application-code: 1375ms)
 GET /dates 200 in 3.1s (next.js: 16ms, application-code: 3.1s)
 GET /login 200 in 145ms (next.js: 8ms, application-code: 137ms)
 GET /dashboard 200 in 204ms (next.js: 9ms, application-code: 195ms)
 GET /login?next=%2Fdashboard 200 in 58ms (next.js: 9ms, application-code: 49ms)
 GET / 200 in 1481ms (next.js: 11ms, application-code: 1470ms)
 GET /business-units 200 in 1371ms (next.js: 8ms, application-code: 1363ms)
 GET / 200 in 1424ms (next.js: 8ms, application-code: 1416ms)
 GET / 200 in 2.7s (next.js: 8ms, application-code: 2.7s)
 GET / 200 in 2.8s (next.js: 17ms, application-code: 2.8s)
 GET /business-units 200 in 2.8s (next.js: 23ms, application-code: 2.8s)
 GET /business-units 200 in 3.3s (next.js: 72ms, application-code: 3.2s)
 GET /oils 200 in 2.9s (next.js: 36ms, application-code: 2.8s)
 GET /dates 200 in 2.7s (next.js: 8ms, application-code: 2.7s)
 GET /real-estate 200 in 1144ms (next.js: 30ms, application-code: 1115ms)
 GET /import-export 200 in 1443ms (next.js: 25ms, application-code: 1418ms)
 GET /login 200 in 291ms (next.js: 10ms, application-code: 281ms)
 GET /dashboard 200 in 317ms (next.js: 8ms, application-code: 309ms)
 GET /login?next=%2Fdashboard 200 in 56ms (next.js: 9ms, application-code: 47ms)
 GET /login 200 in 213ms (next.js: 8ms, application-code: 204ms)
 GET /dashboard 200 in 385ms (next.js: 47ms, application-code: 338ms)
 GET /login?next=%2Fdashboard 200 in 71ms (next.js: 9ms, application-code: 61ms)
✓ Compiled in 204ms
 GET /dates 200 in 741ms (next.js: 458ms, application-code: 283ms)
 GET /dates 200 in 112ms (next.js: 10ms, application-code: 103ms)
 GET / 200 in 2.1s (next.js: 62ms, application-code: 2.0s)
 GET / 200 in 1423ms (next.js: 9ms, application-code: 1414ms)
 GET / 200 in 1468ms (next.js: 15ms, application-code: 1453ms)
 GET /business-units 200 in 1549ms (next.js: 38ms, application-code: 1511ms)
 GET /business-units 200 in 1534ms (next.js: 13ms, application-code: 1521ms)
 GET /oils 200 in 2.3s (next.js: 18ms, application-code: 2.3s)
 GET /dates 200 in 2.6s (next.js: 11ms, application-code: 2.5s)
 GET /real-estate 200 in 1270ms (next.js: 20ms, application-code: 1250ms)
 GET /import-export 200 in 1076ms (next.js: 7ms, application-code: 1069ms)
 GET /dashboard 200 in 281ms (next.js: 42ms, application-code: 239ms)
 GET /dashboard 200 in 210ms (next.js: 10ms, application-code: 200ms)
 GET /dashboard 200 in 392ms (next.js: 30ms, application-code: 362ms)
 GET /dashboard 200 in 186ms (next.js: 9ms, application-code: 178ms)
 GET /dates 200 in 677ms (next.js: 461ms, application-code: 216ms)
✓ Compiled in 423ms
 GET /dates 200 in 737ms (next.js: 446ms, application-code: 291ms)
 GET /dates 200 in 124ms (next.js: 13ms, application-code: 110ms)
 GET /dates 200 in 766ms (next.js: 13ms, application-code: 753ms)
 GET /dates 200 in 764ms (next.js: 9ms, application-code: 755ms)
 GET /dates 200 in 799ms (next.js: 20ms, application-code: 778ms)
 GET /dates 200 in 799ms (next.js: 181ms, application-code: 619ms)
 GET /dates 200 in 800ms (next.js: 298ms, application-code: 502ms)
 GET /dates 200 in 801ms (next.js: 485ms, application-code: 316ms)
 GET /dates 200 in 184ms (next.js: 11ms, application-code: 173ms)
 GET /dates 200 in 1545ms (next.js: 53ms, application-code: 1491ms)
 GET /dates 200 in 1525ms (next.js: 336ms, application-code: 1189ms)
 GET /dates 200 in 1526ms (next.js: 612ms, application-code: 914ms)
 GET /dates 200 in 1567ms (next.js: 1182ms, application-code: 385ms)
 GET /dates 200 in 1529ms (next.js: 930ms, application-code: 599ms)
 GET /dates 200 in 1531ms (next.js: 716ms, application-code: 815ms)
 GET /dates 200 in 766ms (next.js: 12ms, application-code: 753ms)
 GET /dates 200 in 766ms (next.js: 80ms, application-code: 687ms)
 GET /dates 200 in 767ms (next.js: 153ms, application-code: 614ms)
 GET /dates 200 in 768ms (next.js: 226ms, application-code: 541ms)
 GET /dates 200 in 768ms (next.js: 535ms, application-code: 233ms)
✓ Compiled in 160ms
 GET /dates 200 in 646ms (next.js: 290ms, application-code: 356ms)
 GET /dates 200 in 840ms (next.js: 8ms, application-code: 833ms)
 GET /dates 200 in 937ms (next.js: 27ms, application-code: 910ms)
 GET /dates 200 in 938ms (next.js: 120ms, application-code: 818ms)
 GET /dates 200 in 942ms (next.js: 201ms, application-code: 741ms)
 GET /dates 200 in 944ms (next.js: 386ms, application-code: 558ms)
 GET /dates 200 in 347ms (next.js: 19ms, application-code: 327ms)
 GET /dates 200 in 482ms (next.js: 111ms, application-code: 371ms)
 GET /dates 200 in 1410ms (next.js: 17ms, application-code: 1394ms)
 GET /dates 200 in 1414ms (next.js: 163ms, application-code: 1250ms)
 GET /dates 200 in 1414ms (next.js: 384ms, application-code: 1030ms)
 GET /dates 200 in 1414ms (next.js: 753ms, application-code: 661ms)
 GET /dates 200 in 407ms (next.js: 12ms, application-code: 395ms)
 GET /dates 200 in 273ms (next.js: 20ms, application-code: 253ms)
 GET /dates 200 in 2.5s (next.js: 19ms, application-code: 2.5s)
 GET /dates 200 in 2.5s (next.js: 970ms, application-code: 1568ms)
 GET /dates 200 in 2.5s (next.js: 184ms, application-code: 2.4s)
 GET /dates 200 in 2.5s (next.js: 1651ms, application-code: 896ms)
 GET /dates 200 in 279ms (next.js: 119ms, application-code: 159ms)
 GET /dates 200 in 286ms (next.js: 13ms, application-code: 272ms)
 GET /dashboard 200 in 1277ms (next.js: 740ms, application-code: 537ms)
 GET /dashboard 200 in 208ms (next.js: 9ms, application-code: 198ms)
 GET / 200 in 2.0s (next.js: 417ms, application-code: 1633ms)
 GET /business-units 200 in 1760ms (next.js: 272ms, application-code: 1488ms)
 GET /dashboard 200 in 191ms (next.js: 7ms, application-code: 184ms)
 GET / 200 in 1766ms (next.js: 7ms, application-code: 1760ms)
 GET /business-units 200 in 1463ms (next.js: 8ms, application-code: 1454ms)
 GET /dashboard 200 in 340ms (next.js: 23ms, application-code: 317ms)
 GET / 200 in 1160ms (next.js: 8ms, application-code: 1152ms)
 GET /business-units 200 in 1997ms (next.js: 8ms, application-code: 1989ms)
 GET /dashboard 200 in 336ms (next.js: 83ms, application-code: 253ms)
 GET / 200 in 1717ms (next.js: 6ms, application-code: 1711ms)
 GET /business-units 200 in 1355ms (next.js: 9ms, application-code: 1346ms)
 GET /dashboard 200 in 260ms (next.js: 8ms, application-code: 252ms)
 GET / 200 in 1313ms (next.js: 16ms, application-code: 1298ms)
 GET /business-units 200 in 2.2s (next.js: 7ms, application-code: 2.2s)
 GET /dashboard 200 in 202ms (next.js: 8ms, application-code: 194ms)
 GET / 200 in 2.8s (next.js: 10ms, application-code: 2.8s)
 GET /business-units 200 in 1860ms (next.js: 10ms, application-code: 1850ms)
 GET /dashboard 200 in 193ms (next.js: 7ms, application-code: 186ms)
 GET / 200 in 2.2s (next.js: 8ms, application-code: 2.2s)
 GET /business-units 200 in 3.9s (next.js: 64ms, application-code: 3.9s)
 GET /dashboard 200 in 278ms (next.js: 13ms, application-code: 264ms)
 GET / 200 in 2.1s (next.js: 16ms, application-code: 2.1s)
 GET /business-units 200 in 1781ms (next.js: 12ms, application-code: 1768ms)
 GET /dashboard 200 in 254ms (next.js: 43ms, application-code: 211ms)
 GET / 200 in 2.3s (next.js: 8ms, application-code: 2.2s)
 GET /business-units 200 in 1466ms (next.js: 9ms, application-code: 1457ms)
 GET /dashboard 200 in 207ms (next.js: 26ms, application-code: 182ms)
 GET / 200 in 1542ms (next.js: 24ms, application-code: 1517ms)
 GET /business-units 200 in 1307ms (next.js: 12ms, application-code: 1296ms)
 GET /dashboard 200 in 203ms (next.js: 9ms, application-code: 194ms)
 GET / 200 in 1723ms (next.js: 9ms, application-code: 1714ms)
 GET /business-units 200 in 1391ms (next.js: 7ms, application-code: 1384ms)
 GET /dashboard 200 in 154ms (next.js: 7ms, application-code: 147ms)
 GET / 200 in 1344ms (next.js: 7ms, application-code: 1337ms)
 GET /business-units 200 in 1918ms (next.js: 30ms, application-code: 1888ms)
 GET /dashboard 200 in 302ms (next.js: 99ms, application-code: 203ms)
 GET / 200 in 1565ms (next.js: 13ms, application-code: 1552ms)
 GET /business-units 200 in 1584ms (next.js: 9ms, application-code: 1575ms)
 GET /dashboard 200 in 214ms (next.js: 18ms, application-code: 196ms)
 GET / 200 in 1731ms (next.js: 15ms, application-code: 1716ms)
 GET /business-units 200 in 1911ms (next.js: 11ms, application-code: 1900ms)
 GET /dashboard 200 in 176ms (next.js: 12ms, application-code: 164ms)
 GET / 200 in 1555ms (next.js: 7ms, application-code: 1549ms)
 GET /login 200 in 572ms (next.js: 276ms, application-code: 297ms)
 GET /dashboard 200 in 229ms (next.js: 6ms, application-code: 222ms)
 GET /dates 200 in 439ms (next.js: 18ms, application-code: 422ms)
 GET /oils 200 in 930ms (next.js: 12ms, application-code: 919ms)
 GET /real-estate/real-estate 200 in 1701ms (next.js: 244ms, application-code: 1458ms)
 GET /import-export/rfq 200 in 592ms (next.js: 231ms, application-code: 362ms)
 GET / 200 in 1131ms (next.js: 6ms, application-code: 1125ms)
 GET /login 200 in 183ms (next.js: 8ms, application-code: 175ms)
 GET /dashboard 200 in 212ms (next.js: 6ms, application-code: 206ms)
 GET /dates 200 in 513ms (next.js: 12ms, application-code: 501ms)
 GET /oils 200 in 522ms (next.js: 6ms, application-code: 516ms)
 GET /real-estate/real-estate 200 in 727ms (next.js: 15ms, application-code: 712ms)
 GET /import-export/rfq 200 in 277ms (next.js: 18ms, application-code: 259ms)
 GET / 200 in 1380ms (next.js: 6ms, application-code: 1374ms)
 GET /business-units 200 in 1252ms (next.js: 9ms, application-code: 1243ms)
 GET /oils 200 in 1644ms (next.js: 15ms, application-code: 1629ms)
 GET /dates 200 in 1501ms (next.js: 13ms, application-code: 1489ms)
 GET /real-estate 200 in 1149ms (next.js: 35ms, application-code: 1114ms)
 GET /import-export 200 in 911ms (next.js: 10ms, application-code: 902ms)
 GET /login 200 in 169ms (next.js: 6ms, application-code: 163ms)
 GET /dashboard 200 in 80ms (next.js: 6ms, application-code: 74ms)
✓ Compiled in 1114ms
 GET /dates 200 in 514ms (next.js: 284ms, application-code: 231ms)
 GET /dates 200 in 340ms (next.js: 8ms, application-code: 332ms)
 GET /dates 200 in 325ms (next.js: 12ms, application-code: 312ms)
 GET /dates 200 in 1258ms (next.js: 12ms, application-code: 1246ms)
 GET /dates 200 in 1190ms (next.js: 13ms, application-code: 1177ms)
 GET /dates 200 in 1191ms (next.js: 45ms, application-code: 1146ms)
 GET /dates 200 in 1192ms (next.js: 206ms, application-code: 986ms)
 GET /dates 200 in 1194ms (next.js: 459ms, application-code: 734ms)
 GET /dates 200 in 1193ms (next.js: 697ms, application-code: 497ms)
 GET /dates 200 in 1389ms (next.js: 10ms, application-code: 1379ms)
 GET /dates 200 in 1262ms (next.js: 19ms, application-code: 1243ms)
 GET /dates 200 in 1082ms (next.js: 52ms, application-code: 1030ms)
 GET /dates 200 in 1080ms (next.js: 211ms, application-code: 869ms)
 GET /dates 200 in 1089ms (next.js: 394ms, application-code: 695ms)
 GET /dates 200 in 1087ms (next.js: 590ms, application-code: 497ms)
 GET /dates 200 in 687ms (next.js: 32ms, application-code: 655ms)
 GET /dates 200 in 697ms (next.js: 217ms, application-code: 480ms)
✓ Compiled in 1204ms
 GET /dates 200 in 11.8s (next.js: 1603ms, application-code: 10.2s)
 GET /dates 200 in 12.1s (next.js: 1582ms, application-code: 10.5s)
 GET /dates 200 in 428ms (next.js: 234ms, application-code: 194ms)
 GET /dates 200 in 317ms (next.js: 7ms, application-code: 309ms)
 GET /dates 200 in 317ms (next.js: 161ms, application-code: 156ms)
 GET /dates 200 in 12.6s (next.js: 2.2s, application-code: 10.4s)
 GET /dates 200 in 341ms (next.js: 9ms, application-code: 332ms)
 GET /dates 200 in 352ms (next.js: 222ms, application-code: 130ms)
 GET /dates 200 in 350ms (next.js: 92ms, application-code: 258ms)
 GET /dates 200 in 13.0s (next.js: 2.3s, application-code: 10.7s)
 GET /dates 200 in 13.4s (next.js: 2.4s, application-code: 11.0s)
 GET /dates 200 in 627ms (next.js: 172ms, application-code: 454ms)
 GET /dates 200 in 657ms (next.js: 95ms, application-code: 562ms)
 GET /dates 200 in 661ms (next.js: 10ms, application-code: 651ms)
 GET /dates 200 in 318ms (next.js: 58ms, application-code: 260ms)
 GET /dates 200 in 13.7s (next.js: 2.7s, application-code: 11.0s)
 GET /dates 200 in 292ms (next.js: 8ms, application-code: 284ms)
 GET /dates 200 in 626ms (next.js: 7ms, application-code: 619ms)
 GET /dates 200 in 513ms (next.js: 12ms, application-code: 501ms)
 GET /dates 200 in 514ms (next.js: 75ms, application-code: 439ms)
 GET /dates 200 in 515ms (next.js: 188ms, application-code: 327ms)
 GET /dates 200 in 516ms (next.js: 255ms, application-code: 261ms)
 GET /dates 200 in 985ms (next.js: 42ms, application-code: 943ms)
 GET /dates 200 in 726ms (next.js: 53ms, application-code: 673ms)
 GET /dates 200 in 736ms (next.js: 326ms, application-code: 409ms)
 GET /dates 200 in 751ms (next.js: 398ms, application-code: 353ms)
 GET /dates 200 in 725ms (next.js: 432ms, application-code: 293ms)
 GET /dates 200 in 710ms (next.js: 556ms, application-code: 154ms)
 GET /dates 200 in 804ms (next.js: 26ms, application-code: 778ms)
 GET /dates 200 in 663ms (next.js: 14ms, application-code: 649ms)
 GET /dates 200 in 663ms (next.js: 80ms, application-code: 583ms)
 GET /dates 200 in 664ms (next.js: 147ms, application-code: 517ms)
 GET /dates 200 in 665ms (next.js: 495ms, application-code: 170ms)
 GET /dates 200 in 669ms (next.js: 283ms, application-code: 386ms)
 GET /dates 200 in 699ms (next.js: 19ms, application-code: 680ms)
 GET /dates 200 in 564ms (next.js: 36ms, application-code: 529ms)
 GET /dates 200 in 566ms (next.js: 102ms, application-code: 464ms)
 GET /dates 200 in 568ms (next.js: 170ms, application-code: 398ms)
 GET /dates 200 in 569ms (next.js: 236ms, application-code: 333ms)
 GET /dates 200 in 575ms (next.js: 314ms, application-code: 261ms)
 GET /dates 200 in 351ms (next.js: 21ms, application-code: 330ms)
 GET /dates 200 in 214ms (next.js: 12ms, application-code: 202ms)
 GET /dates 200 in 216ms (next.js: 111ms, application-code: 104ms)
✓ Compiled in 253ms
 GET /dates 200 in 7.5s (next.js: 2.8s, application-code: 4.7s)
 GET /dates 200 in 2.4s (next.js: 478ms, application-code: 1882ms)
 GET /dates 200 in 1081ms (next.js: 22ms, application-code: 1059ms)
 GET /dates 200 in 1081ms (next.js: 95ms, application-code: 985ms)
 GET /dates 200 in 1084ms (next.js: 260ms, application-code: 823ms)
 GET /dates 200 in 171ms (next.js: 29ms, application-code: 143ms)
 GET /dates 200 in 713ms (next.js: 106ms, application-code: 608ms)
 GET /dates 200 in 714ms (next.js: 189ms, application-code: 526ms)
 GET /dates 200 in 720ms (next.js: 13ms, application-code: 707ms)
 GET /dates 200 in 724ms (next.js: 265ms, application-code: 459ms)
 GET /dates 200 in 703ms (next.js: 22ms, application-code: 681ms)
 GET /dates 200 in 725ms (next.js: 9ms, application-code: 716ms)
 GET /dates 200 in 727ms (next.js: 103ms, application-code: 624ms)
 GET /dates 200 in 633ms (next.js: 134ms, application-code: 499ms)
 GET /dates 200 in 439ms (next.js: 86ms, application-code: 353ms)
 GET /dates 200 in 960ms (next.js: 31ms, application-code: 929ms)
 GET /dates 200 in 797ms (next.js: 13ms, application-code: 784ms)
 GET /dates 200 in 699ms (next.js: 283ms, application-code: 416ms)
 GET /dates 200 in 705ms (next.js: 192ms, application-code: 513ms)
 GET /dates 200 in 285ms (next.js: 78ms, application-code: 207ms)
 GET /dates 200 in 4.8s (next.js: 646ms, application-code: 4.2s)
 GET /dates 200 in 703ms (next.js: 643ms, application-code: 60ms)
 GET /dates 200 in 748ms (next.js: 626ms, application-code: 122ms)
✓ Compiled in 336ms
✓ Compiled in 255ms
✓ Compiled in 199ms
✓ Compiled in 179ms
 GET /dates 200 in 808ms (next.js: 209ms, application-code: 599ms)
 GET /dates 200 in 143ms (next.js: 8ms, application-code: 135ms)
 GET /dates 200 in 121ms (next.js: 7ms, application-code: 114ms)
 GET /dates 200 in 560ms (next.js: 7ms, application-code: 553ms)
✓ Compiled in 217ms
 GET /dates 200 in 295ms (next.js: 157ms, application-code: 138ms)
 GET /dates 200 in 99ms (next.js: 6ms, application-code: 93ms)
 GET /dates 200 in 126ms (next.js: 6ms, application-code: 120ms)
✓ Compiled in 259ms
 GET /dates 200 in 504ms (next.js: 221ms, application-code: 283ms)
 GET /dates 200 in 109ms (next.js: 7ms, application-code: 102ms)
✓ Compiled in 165ms
 GET /dates 200 in 563ms (next.js: 249ms, application-code: 314ms)
 GET /dates 200 in 152ms (next.js: 9ms, application-code: 143ms)
 GET /dates 200 in 704ms (next.js: 13ms, application-code: 691ms)
 GET /dates 200 in 571ms (next.js: 9ms, application-code: 562ms)
 GET /dates 200 in 444ms (next.js: 73ms, application-code: 372ms)
 GET /dates 200 in 448ms (next.js: 11ms, application-code: 437ms)
 GET /dates 200 in 447ms (next.js: 179ms, application-code: 267ms)
 GET /dates 200 in 448ms (next.js: 237ms, application-code: 210ms)
 GET /dates 200 in 143ms (next.js: 17ms, application-code: 126ms)
 GET /dates 200 in 122ms (next.js: 7ms, application-code: 115ms)
 GET /dates 200 in 469ms (next.js: 7ms, application-code: 462ms)
 GET /dates 200 in 793ms (next.js: 14ms, application-code: 779ms)
 GET /dates 200 in 690ms (next.js: 19ms, application-code: 671ms)
 GET /dates 200 in 691ms (next.js: 108ms, application-code: 583ms)
 GET /dates 200 in 658ms (next.js: 9ms, application-code: 649ms)
 GET /dates 200 in 699ms (next.js: 100ms, application-code: 600ms)
 GET /dates 200 in 726ms (next.js: 183ms, application-code: 543ms)
 GET /dates 200 in 869ms (next.js: 10ms, application-code: 859ms)
 GET /dates 200 in 776ms (next.js: 9ms, application-code: 767ms)
 GET /dates 200 in 777ms (next.js: 81ms, application-code: 696ms)
 GET /dates 200 in 835ms (next.js: 19ms, application-code: 817ms)
 GET /dates 200 in 835ms (next.js: 105ms, application-code: 730ms)
 GET /dates 200 in 823ms (next.js: 240ms, application-code: 583ms)
 GET /dates 200 in 861ms (next.js: 12ms, application-code: 849ms)
 GET /dates 200 in 586ms (next.js: 11ms, application-code: 575ms)
 GET /dates 200 in 591ms (next.js: 99ms, application-code: 492ms)
 GET /dates 200 in 373ms (next.js: 10ms, application-code: 363ms)
 GET /dates 200 in 375ms (next.js: 93ms, application-code: 282ms)
 GET /dates 200 in 400ms (next.js: 36ms, application-code: 364ms)
 GET /dates 200 in 805ms (next.js: 23ms, application-code: 782ms)
 GET /dates 200 in 798ms (next.js: 99ms, application-code: 699ms)
 GET /dates 200 in 602ms (next.js: 38ms, application-code: 564ms)
 GET /dates 200 in 448ms (next.js: 17ms, application-code: 431ms)
 GET /dates 200 in 448ms (next.js: 121ms, application-code: 327ms)
 GET /dates 200 in 451ms (next.js: 36ms, application-code: 415ms)
 GET /dates 200 in 845ms (next.js: 13ms, application-code: 831ms)
 GET /dates 200 in 843ms (next.js: 116ms, application-code: 727ms)
 GET /dates 200 in 580ms (next.js: 12ms, application-code: 568ms)
 GET /dates 200 in 469ms (next.js: 14ms, application-code: 455ms)
 GET /dates 200 in 467ms (next.js: 111ms, application-code: 357ms)
 GET /dates 200 in 210ms (next.js: 37ms, application-code: 173ms)
 GET /dates 200 in 747ms (next.js: 14ms, application-code: 732ms)
 GET /dates 200 in 758ms (next.js: 104ms, application-code: 654ms)
 GET /dates 200 in 532ms (next.js: 54ms, application-code: 478ms)
 GET /dates 200 in 361ms (next.js: 14ms, application-code: 347ms)
 GET /dates 200 in 306ms (next.js: 29ms, application-code: 277ms)
 GET /dates 200 in 385ms (next.js: 31ms, application-code: 355ms)
 GET /dates 200 in 643ms (next.js: 12ms, application-code: 631ms)
 GET /dates 200 in 644ms (next.js: 100ms, application-code: 544ms)
 GET /dates 200 in 644ms (next.js: 209ms, application-code: 435ms)
 GET /dates 200 in 297ms (next.js: 9ms, application-code: 288ms)
 GET /dates 200 in 237ms (next.js: 26ms, application-code: 211ms)
 GET /dates 200 in 158ms (next.js: 7ms, application-code: 152ms)
 GET /dates 200 in 632ms (next.js: 8ms, application-code: 625ms)
 GET /dates 200 in 634ms (next.js: 54ms, application-code: 581ms)
 GET /dates 200 in 591ms (next.js: 88ms, application-code: 504ms)
 GET /dates 200 in 386ms (next.js: 16ms, application-code: 370ms)
 GET /dates 200 in 387ms (next.js: 88ms, application-code: 300ms)
 GET /dates 200 in 567ms (next.js: 13ms, application-code: 554ms)
 GET /dates 200 in 813ms (next.js: 12ms, application-code: 802ms)
 GET /dates 200 in 815ms (next.js: 104ms, application-code: 711ms)
 GET /dates 200 in 576ms (next.js: 52ms, application-code: 524ms)
 GET /dates 200 in 418ms (next.js: 41ms, application-code: 377ms)
 GET /dates 200 in 323ms (next.js: 32ms, application-code: 291ms)
 GET /dates 200 in 577ms (next.js: 9ms, application-code: 568ms)
 GET /dates 200 in 811ms (next.js: 16ms, application-code: 795ms)
 GET /dates 200 in 806ms (next.js: 121ms, application-code: 685ms)
 GET /dates 200 in 810ms (next.js: 201ms, application-code: 609ms)
 GET /dates 200 in 411ms (next.js: 28ms, application-code: 383ms)
 GET /dates 200 in 310ms (next.js: 28ms, application-code: 282ms)
 GET /dates 200 in 505ms (next.js: 21ms, application-code: 484ms)
 GET /dates 200 in 690ms (next.js: 11ms, application-code: 679ms)
 GET /dates 200 in 689ms (next.js: 88ms, application-code: 601ms)
 GET /dates 200 in 691ms (next.js: 165ms, application-code: 526ms)
 GET /dates 200 in 376ms (next.js: 18ms, application-code: 358ms)
 GET /dates 200 in 289ms (next.js: 28ms, application-code: 261ms)
 GET /dates 200 in 663ms (next.js: 8ms, application-code: 655ms)
 GET /dates 200 in 789ms (next.js: 12ms, application-code: 776ms)
 GET /dates 200 in 789ms (next.js: 115ms, application-code: 674ms)
 GET /dates 200 in 553ms (next.js: 33ms, application-code: 520ms)
 GET /dates 200 in 482ms (next.js: 43ms, application-code: 439ms)
 GET /dates 200 in 293ms (next.js: 13ms, application-code: 280ms)
 GET /dates 200 in 760ms (next.js: 9ms, application-code: 751ms)
 GET /dates 200 in 733ms (next.js: 13ms, application-code: 720ms)
 GET /dates 200 in 765ms (next.js: 98ms, application-code: 667ms)
 GET /dates 200 in 568ms (next.js: 35ms, application-code: 533ms)
 GET /dates 200 in 476ms (next.js: 34ms, application-code: 442ms)
 GET /dates 200 in 286ms (next.js: 10ms, application-code: 276ms)
 GET /dates 200 in 649ms (next.js: 9ms, application-code: 639ms)
 GET /dates 200 in 575ms (next.js: 11ms, application-code: 564ms)
 GET /dates 200 in 534ms (next.js: 33ms, application-code: 501ms)
 GET /dates 200 in 513ms (next.js: 85ms, application-code: 428ms)
 GET /dates 200 in 357ms (next.js: 32ms, application-code: 325ms)
 GET /dates 200 in 257ms (next.js: 31ms, application-code: 227ms)
 GET /dates 200 in 605ms (next.js: 8ms, application-code: 597ms)
 GET /dates 200 in 583ms (next.js: 9ms, application-code: 574ms)
 GET /dates 200 in 513ms (next.js: 28ms, application-code: 485ms)
 GET /dates 200 in 495ms (next.js: 87ms, application-code: 408ms)
 GET /dates 200 in 311ms (next.js: 30ms, application-code: 282ms)
 GET /dates 200 in 228ms (next.js: 34ms, application-code: 193ms)
 GET /dates 200 in 628ms (next.js: 7ms, application-code: 622ms)
 GET /dates 200 in 526ms (next.js: 7ms, application-code: 519ms)
 GET /dates 200 in 557ms (next.js: 29ms, application-code: 528ms)
 GET /dates 200 in 537ms (next.js: 71ms, application-code: 466ms)
 GET /dates 200 in 390ms (next.js: 42ms, application-code: 348ms)
 GET /dates 200 in 285ms (next.js: 46ms, application-code: 240ms)
 GET /dates 200 in 661ms (next.js: 9ms, application-code: 652ms)
 GET /dates 200 in 544ms (next.js: 14ms, application-code: 530ms)
 GET /dates 200 in 536ms (next.js: 26ms, application-code: 510ms)
 GET /dates 200 in 554ms (next.js: 84ms, application-code: 471ms)
 GET /dates 200 in 385ms (next.js: 26ms, application-code: 359ms)
 GET /dates 200 in 335ms (next.js: 7ms, application-code: 328ms)
 GET /dates 200 in 649ms (next.js: 9ms, application-code: 641ms)
 GET /dates 200 in 518ms (next.js: 10ms, application-code: 508ms)
 GET /dates 200 in 547ms (next.js: 36ms, application-code: 511ms)
 GET /dates 200 in 523ms (next.js: 79ms, application-code: 444ms)
 GET /dates 200 in 348ms (next.js: 16ms, application-code: 332ms)
 GET /dates 200 in 240ms (next.js: 10ms, application-code: 231ms)
 GET /dates 200 in 573ms (next.js: 9ms, application-code: 564ms)
 GET /dates 200 in 466ms (next.js: 11ms, application-code: 455ms)
 GET /dates 200 in 458ms (next.js: 28ms, application-code: 430ms)
 GET /dates 200 in 403ms (next.js: 34ms, application-code: 369ms)
 GET /dates 200 in 319ms (next.js: 26ms, application-code: 293ms)
 GET /dates 200 in 243ms (next.js: 27ms, application-code: 217ms)
 GET /dates 200 in 631ms (next.js: 8ms, application-code: 623ms)
 GET /dates 200 in 531ms (next.js: 9ms, application-code: 523ms)
 GET /dates 200 in 532ms (next.js: 27ms, application-code: 505ms)
 GET /dates 200 in 472ms (next.js: 40ms, application-code: 432ms)
 GET /dates 200 in 365ms (next.js: 25ms, application-code: 341ms)
 GET /dates 200 in 271ms (next.js: 41ms, application-code: 230ms)
 GET /dates 200 in 841ms (next.js: 7ms, application-code: 834ms)
 GET /dates 200 in 808ms (next.js: 14ms, application-code: 794ms)
 GET /dates 200 in 734ms (next.js: 30ms, application-code: 704ms)
 GET /dates 200 in 725ms (next.js: 10ms, application-code: 715ms)
 GET /dates 200 in 731ms (next.js: 90ms, application-code: 641ms)
 GET /dates 200 in 821ms (next.js: 284ms, application-code: 537ms)
 GET /dates 200 in 809ms (next.js: 17ms, application-code: 792ms)
 GET /dates 200 in 664ms (next.js: 14ms, application-code: 651ms)
 GET /dates 200 in 566ms (next.js: 44ms, application-code: 522ms)
 GET /dates 200 in 492ms (next.js: 10ms, application-code: 482ms)
 GET /dates 200 in 492ms (next.js: 79ms, application-code: 413ms)
 GET /dates 200 in 397ms (next.js: 59ms, application-code: 338ms)
 GET /dates 200 in 660ms (next.js: 9ms, application-code: 651ms)
 GET /dates 200 in 562ms (next.js: 11ms, application-code: 551ms)
 GET /dates 200 in 479ms (next.js: 28ms, application-code: 452ms)
 GET /dates 200 in 458ms (next.js: 9ms, application-code: 450ms)
 GET /dates 200 in 559ms (next.js: 92ms, application-code: 467ms)
 GET /dates 200 in 399ms (next.js: 36ms, application-code: 363ms)
 GET /dates 200 in 750ms (next.js: 9ms, application-code: 742ms)
 GET /dates 200 in 642ms (next.js: 18ms, application-code: 625ms)
 GET /dates 200 in 521ms (next.js: 13ms, application-code: 507ms)
 GET /dates 200 in 522ms (next.js: 8ms, application-code: 514ms)
 GET /dates 200 in 524ms (next.js: 30ms, application-code: 493ms)
 GET /dates 200 in 440ms (next.js: 33ms, application-code: 406ms)
 GET /dates 200 in 763ms (next.js: 11ms, application-code: 752ms)
 GET /dates 200 in 614ms (next.js: 10ms, application-code: 604ms)
 GET /dates 200 in 510ms (next.js: 11ms, application-code: 498ms)
 GET /dates 200 in 551ms (next.js: 32ms, application-code: 518ms)
 GET /dates 200 in 441ms (next.js: 39ms, application-code: 402ms)
 GET /dates 200 in 446ms (next.js: 45ms, application-code: 401ms)
 GET /dates 200 in 787ms (next.js: 14ms, application-code: 773ms)
 GET /dates 200 in 650ms (next.js: 15ms, application-code: 635ms)
 GET /dates 200 in 515ms (next.js: 36ms, application-code: 479ms)
 GET /dates 200 in 438ms (next.js: 9ms, application-code: 429ms)
 GET /dates 200 in 469ms (next.js: 84ms, application-code: 385ms)
 GET /dates 200 in 354ms (next.js: 8ms, application-code: 347ms)
 GET /dates 200 in 618ms (next.js: 9ms, application-code: 609ms)
 GET /dates 200 in 513ms (next.js: 8ms, application-code: 505ms)
 GET /dates 200 in 447ms (next.js: 35ms, application-code: 412ms)
 GET /dates 200 in 460ms (next.js: 10ms, application-code: 450ms)
 GET /dates 200 in 386ms (next.js: 28ms, application-code: 357ms)
 GET /dates 200 in 358ms (next.js: 16ms, application-code: 341ms)
 GET /dates 200 in 674ms (next.js: 9ms, application-code: 665ms)
 GET /dates 200 in 543ms (next.js: 10ms, application-code: 532ms)
 GET /dates 200 in 542ms (next.js: 80ms, application-code: 462ms)
 GET /dates 200 in 451ms (next.js: 7ms, application-code: 444ms)
 GET /dates 200 in 461ms (next.js: 72ms, application-code: 389ms)
 GET /dates 200 in 348ms (next.js: 16ms, application-code: 331ms)
 GET /dates 200 in 759ms (next.js: 11ms, application-code: 748ms)
 GET /dates 200 in 641ms (next.js: 11ms, application-code: 630ms)
 GET /dates 200 in 643ms (next.js: 99ms, application-code: 544ms)
 GET /dates 200 in 513ms (next.js: 12ms, application-code: 501ms)
 GET /dates 200 in 523ms (next.js: 95ms, application-code: 428ms)
 GET /dates 200 in 350ms (next.js: 43ms, application-code: 307ms)
 GET /dates 200 in 813ms (next.js: 11ms, application-code: 802ms)
 GET /dates 200 in 666ms (next.js: 13ms, application-code: 653ms)
 GET /dates 200 in 666ms (next.js: 99ms, application-code: 568ms)
 GET /dates 200 in 538ms (next.js: 10ms, application-code: 528ms)
 GET /dates 200 in 540ms (next.js: 122ms, application-code: 418ms)
 GET /dates 200 in 311ms (next.js: 33ms, application-code: 278ms)
 GET /dates 200 in 408ms (next.js: 9ms, application-code: 399ms)
 GET /dates 200 in 465ms (next.js: 11ms, application-code: 454ms)
 GET /dates 200 in 640ms (next.js: 9ms, application-code: 630ms)
 GET /dates 200 in 530ms (next.js: 10ms, application-code: 520ms)
 GET /dates 200 in 531ms (next.js: 93ms, application-code: 438ms)
 GET /dates 200 in 532ms (next.js: 134ms, application-code: 398ms)
 GET /dates 200 in 368ms (next.js: 14ms, application-code: 354ms)
 GET /dates 200 in 528ms (next.js: 9ms, application-code: 519ms)
 GET /dates 200 in 621ms (next.js: 16ms, application-code: 606ms)
 GET /dates 200 in 528ms (next.js: 8ms, application-code: 520ms)
 GET /dates 200 in 447ms (next.js: 37ms, application-code: 410ms)
 GET /dates 200 in 525ms (next.js: 90ms, application-code: 435ms)
 GET /dates 200 in 336ms (next.js: 9ms, application-code: 327ms)
 GET /dates 200 in 426ms (next.js: 7ms, application-code: 419ms)
 GET /dates 200 in 644ms (next.js: 9ms, application-code: 635ms)
 GET /dates 200 in 587ms (next.js: 9ms, application-code: 578ms)
 GET /dates 200 in 508ms (next.js: 35ms, application-code: 473ms)
 GET /dates 200 in 564ms (next.js: 77ms, application-code: 487ms)
 GET /dates 200 in 390ms (next.js: 18ms, application-code: 372ms)
 GET /dates 200 in 357ms (next.js: 7ms, application-code: 350ms)
 GET /dates 200 in 680ms (next.js: 10ms, application-code: 670ms)
 GET /dates 200 in 568ms (next.js: 13ms, application-code: 555ms)
 GET /dates 200 in 492ms (next.js: 40ms, application-code: 451ms)
 GET /dates 200 in 541ms (next.js: 96ms, application-code: 446ms)
 GET /dates 200 in 335ms (next.js: 9ms, application-code: 327ms)
 GET /dates 200 in 410ms (next.js: 6ms, application-code: 403ms)
 GET /dates 200 in 654ms (next.js: 9ms, application-code: 644ms)
 GET /dates 200 in 547ms (next.js: 12ms, application-code: 534ms)
 GET /dates 200 in 464ms (next.js: 36ms, application-code: 428ms)
 GET /dates 200 in 524ms (next.js: 72ms, application-code: 452ms)
 GET /dates 200 in 366ms (next.js: 17ms, application-code: 349ms)
 GET /dates 200 in 340ms (next.js: 7ms, application-code: 333ms)
 GET /dates 200 in 687ms (next.js: 11ms, application-code: 676ms)
 GET /dates 200 in 577ms (next.js: 10ms, application-code: 567ms)
 GET /dates 200 in 497ms (next.js: 39ms, application-code: 458ms)
 GET /dates 200 in 434ms (next.js: 10ms, application-code: 424ms)
 GET /dates 200 in 328ms (next.js: 8ms, application-code: 320ms)
 GET /dates 200 in 253ms (next.js: 29ms, application-code: 225ms)
 GET /dates 200 in 598ms (next.js: 7ms, application-code: 591ms)
 GET /dates 200 in 509ms (next.js: 13ms, application-code: 496ms)
 GET /dates 200 in 507ms (next.js: 76ms, application-code: 431ms)
 GET /dates 200 in 409ms (next.js: 9ms, application-code: 400ms)
 GET /dates 200 in 358ms (next.js: 43ms, application-code: 315ms)
 GET /dates 200 in 368ms (next.js: 25ms, application-code: 343ms)
 GET /dates 200 in 584ms (next.js: 9ms, application-code: 575ms)
 GET /dates 200 in 479ms (next.js: 67ms, application-code: 413ms)
 GET /dates 200 in 484ms (next.js: 9ms, application-code: 474ms)
 GET /dates 200 in 391ms (next.js: 9ms, application-code: 382ms)
 GET /dates 200 in 328ms (next.js: 7ms, application-code: 321ms)
 GET /dates 200 in 333ms (next.js: 25ms, application-code: 308ms)
 GET /dates 200 in 639ms (next.js: 8ms, application-code: 630ms)
 GET /dates 200 in 537ms (next.js: 9ms, application-code: 528ms)
 GET /dates 200 in 537ms (next.js: 78ms, application-code: 459ms)
 GET /dates 200 in 453ms (next.js: 11ms, application-code: 443ms)
 GET /dates 200 in 391ms (next.js: 38ms, application-code: 353ms)
 GET /dates 200 in 323ms (next.js: 34ms, application-code: 289ms)
 GET /dates 200 in 535ms (next.js: 9ms, application-code: 526ms)
 GET /dates 200 in 434ms (next.js: 8ms, application-code: 425ms)
 GET /dates 200 in 435ms (next.js: 67ms, application-code: 368ms)
 GET /dates 200 in 349ms (next.js: 9ms, application-code: 340ms)
 GET /dates 200 in 282ms (next.js: 8ms, application-code: 274ms)
 GET /dates 200 in 314ms (next.js: 23ms, application-code: 292ms)
 GET /dates 200 in 643ms (next.js: 8ms, application-code: 636ms)
 GET /dates 200 in 569ms (next.js: 12ms, application-code: 557ms)
 GET /dates 200 in 474ms (next.js: 47ms, application-code: 428ms)
 GET /dates 200 in 347ms (next.js: 26ms, application-code: 321ms)
 GET /dates 200 in 229ms (next.js: 14ms, application-code: 215ms)
✓ Compiled in 275ms
 GET /dates 200 in 2.1s (next.js: 34ms, application-code: 2.1s)
 GET /dates 200 in 2.1s (next.js: 1287ms, application-code: 817ms)
 GET /dates 200 in 2.2s (next.js: 618ms, application-code: 1592ms)
 GET /dates 200 in 2.1s (next.js: 1331ms, application-code: 762ms)
 GET /dates 200 in 2.1s (next.js: 1382ms, application-code: 705ms)
 GET /dates 200 in 359ms (next.js: 173ms, application-code: 186ms)
 GET /dates 200 in 753ms (next.js: 10ms, application-code: 742ms)
 GET /dates 200 in 756ms (next.js: 82ms, application-code: 674ms)
 GET /dates 200 in 756ms (next.js: 149ms, application-code: 607ms)
 GET /dates 200 in 759ms (next.js: 219ms, application-code: 540ms)
 GET /dates 200 in 764ms (next.js: 412ms, application-code: 352ms)
 GET /dates 200 in 174ms (next.js: 31ms, application-code: 143ms)
 GET /dates 200 in 758ms (next.js: 11ms, application-code: 748ms)
 GET /dates 200 in 760ms (next.js: 71ms, application-code: 689ms)
 GET /dates 200 in 761ms (next.js: 152ms, application-code: 609ms)
 GET /dates 200 in 761ms (next.js: 370ms, application-code: 391ms)
 GET /dates 200 in 764ms (next.js: 308ms, application-code: 457ms)
 GET /dates 200 in 164ms (next.js: 20ms, application-code: 144ms)
 GET /dates 200 in 708ms (next.js: 70ms, application-code: 637ms)
 GET /dates 200 in 710ms (next.js: 11ms, application-code: 700ms)
 GET /dates 200 in 711ms (next.js: 204ms, application-code: 507ms)
 GET /dates 200 in 518ms (next.js: 156ms, application-code: 362ms)
 GET /dates 200 in 518ms (next.js: 224ms, application-code: 295ms)
 GET /dates 200 in 133ms (next.js: 7ms, application-code: 125ms)
 GET /dates 200 in 616ms (next.js: 11ms, application-code: 605ms)
 GET /dates 200 in 616ms (next.js: 81ms, application-code: 535ms)
 GET /dates 200 in 544ms (next.js: 114ms, application-code: 430ms)
 GET /dates 200 in 444ms (next.js: 120ms, application-code: 324ms)
 GET /dates 200 in 332ms (next.js: 86ms, application-code: 246ms)
 GET /dates 200 in 151ms (next.js: 13ms, application-code: 137ms)
 GET /dates 200 in 744ms (next.js: 12ms, application-code: 732ms)
 GET /dates 200 in 742ms (next.js: 116ms, application-code: 626ms)
 GET /dates 200 in 368ms (next.js: 42ms, application-code: 325ms)
 GET /dates 200 in 637ms (next.js: 140ms, application-code: 497ms)
 GET /dates 200 in 375ms (next.js: 104ms, application-code: 271ms)
 GET /dates 200 in 144ms (next.js: 15ms, application-code: 129ms)
 GET /dates 200 in 745ms (next.js: 15ms, application-code: 730ms)
 GET /dates 200 in 741ms (next.js: 106ms, application-code: 635ms)
 GET /dates 200 in 644ms (next.js: 131ms, application-code: 513ms)
 GET /dates 200 in 525ms (next.js: 104ms, application-code: 421ms)
 GET /dates 200 in 342ms (next.js: 44ms, application-code: 298ms)
 GET /dates 200 in 214ms (next.js: 34ms, application-code: 179ms)
 GET /dates 200 in 933ms (next.js: 14ms, application-code: 919ms)
 GET /dates 200 in 930ms (next.js: 131ms, application-code: 798ms)
 GET /dates 200 in 813ms (next.js: 188ms, application-code: 625ms)
 GET /dates 200 in 414ms (next.js: 61ms, application-code: 353ms)
 GET /dates 200 in 654ms (next.js: 156ms, application-code: 498ms)
 GET /dates 200 in 230ms (next.js: 37ms, application-code: 194ms)
 GET /dates 200 in 857ms (next.js: 97ms, application-code: 760ms)
 GET /dates 200 in 857ms (next.js: 16ms, application-code: 840ms)
 GET /dates 200 in 853ms (next.js: 169ms, application-code: 684ms)
 GET /dates 200 in 852ms (next.js: 357ms, application-code: 495ms)
 GET /dates 200 in 330ms (next.js: 47ms, application-code: 283ms)
 GET /dates 200 in 219ms (next.js: 35ms, application-code: 184ms)
 GET /dates 200 in 744ms (next.js: 29ms, application-code: 715ms)
 GET /dates 200 in 742ms (next.js: 96ms, application-code: 646ms)
 GET /dates 200 in 749ms (next.js: 477ms, application-code: 272ms)
 GET /dates 200 in 742ms (next.js: 390ms, application-code: 352ms)
 GET /dates 200 in 747ms (next.js: 228ms, application-code: 519ms)
 GET /dates 200 in 751ms (next.js: 164ms, application-code: 587ms)
 GET /dates 200 in 803ms (next.js: 22ms, application-code: 782ms)
 GET /dates 200 in 803ms (next.js: 93ms, application-code: 710ms)
 GET /dates 200 in 796ms (next.js: 217ms, application-code: 579ms)
 GET /dates 200 in 795ms (next.js: 445ms, application-code: 350ms)
 GET /dates 200 in 799ms (next.js: 287ms, application-code: 512ms)
 GET /dates 200 in 801ms (next.js: 376ms, application-code: 425ms)
 GET /dates 200 in 883ms (next.js: 140ms, application-code: 743ms)
 GET /dates 200 in 887ms (next.js: 25ms, application-code: 862ms)
 GET /dates 200 in 886ms (next.js: 291ms, application-code: 595ms)
 GET /dates 200 in 889ms (next.js: 217ms, application-code: 671ms)
 GET /dates 200 in 893ms (next.js: 387ms, application-code: 506ms)
 GET /dates 200 in 538ms (next.js: 278ms, application-code: 259ms)
 GET /dates 200 in 623ms (next.js: 11ms, application-code: 611ms)
 GET /dates 200 in 622ms (next.js: 98ms, application-code: 524ms)
 GET /dates 200 in 623ms (next.js: 163ms, application-code: 460ms)
 GET /dates 200 in 623ms (next.js: 219ms, application-code: 404ms)
 GET /dates 200 in 206ms (next.js: 9ms, application-code: 197ms)
 GET /dates 200 in 208ms (next.js: 63ms, application-code: 145ms)
 GET /dates 200 in 561ms (next.js: 14ms, application-code: 547ms)
 GET /dates 200 in 562ms (next.js: 78ms, application-code: 484ms)
 GET /dates 200 in 442ms (next.js: 49ms, application-code: 393ms)
 GET /dates 200 in 444ms (next.js: 89ms, application-code: 355ms)
 GET /dates 200 in 242ms (next.js: 47ms, application-code: 195ms)
 GET /dates 200 in 159ms (next.js: 29ms, application-code: 130ms)
 GET /dates 200 in 578ms (next.js: 9ms, application-code: 569ms)
 GET /dates 200 in 578ms (next.js: 71ms, application-code: 507ms)
 GET /dates 200 in 515ms (next.js: 85ms, application-code: 430ms)
 GET /dates 200 in 516ms (next.js: 139ms, application-code: 377ms)
 GET /dates 200 in 265ms (next.js: 54ms, application-code: 211ms)
 GET /dates 200 in 142ms (next.js: 23ms, application-code: 119ms)
✓ Compiled in 99ms
 GET /dates 200 in 1071ms (next.js: 14ms, application-code: 1057ms)
 GET /dates 200 in 1010ms (next.js: 25ms, application-code: 985ms)
 GET /dates 200 in 935ms (next.js: 50ms, application-code: 885ms)
 GET /dates 200 in 935ms (next.js: 120ms, application-code: 815ms)
 GET /dates 200 in 757ms (next.js: 70ms, application-code: 687ms)
 GET /dates 200 in 556ms (next.js: 361ms, application-code: 195ms)
 GET /dates 200 in 689ms (next.js: 13ms, application-code: 676ms)
 GET /dates 200 in 716ms (next.js: 72ms, application-code: 643ms)
 GET /dates 200 in 544ms (next.js: 114ms, application-code: 429ms)
 GET /dates 200 in 547ms (next.js: 64ms, application-code: 482ms)
 GET /dates 200 in 379ms (next.js: 59ms, application-code: 320ms)
 GET /dates 200 in 790ms (next.js: 12ms, application-code: 778ms)
 GET /dates 200 in 633ms (next.js: 9ms, application-code: 624ms)
 GET /dates 200 in 637ms (next.js: 94ms, application-code: 543ms)
 GET /dates 200 in 636ms (next.js: 153ms, application-code: 483ms)
 GET /dates 200 in 645ms (next.js: 223ms, application-code: 422ms)
 GET /dates 200 in 398ms (next.js: 113ms, application-code: 285ms)
 GET /dates 200 in 747ms (next.js: 18ms, application-code: 729ms)
 GET /dates 200 in 599ms (next.js: 7ms, application-code: 592ms)
 GET /dates 200 in 600ms (next.js: 80ms, application-code: 520ms)
 GET /dates 200 in 398ms (next.js: 53ms, application-code: 345ms)
 GET /dates 200 in 399ms (next.js: 113ms, application-code: 286ms)
 GET /dates 200 in 309ms (next.js: 50ms, application-code: 260ms)
 GET /dates 200 in 698ms (next.js: 14ms, application-code: 684ms)
 GET /dates 200 in 569ms (next.js: 7ms, application-code: 562ms)
 GET /dates 200 in 571ms (next.js: 70ms, application-code: 501ms)
 GET /dates 200 in 387ms (next.js: 56ms, application-code: 331ms)
 GET /dates 200 in 389ms (next.js: 112ms, application-code: 277ms)
 GET /dates 200 in 263ms (next.js: 43ms, application-code: 220ms)
 GET /dates 200 in 409ms (next.js: 9ms, application-code: 400ms)
 GET /dates 200 in 315ms (next.js: 5ms, application-code: 310ms)
 GET /dates 200 in 199ms (next.js: 7ms, application-code: 191ms)
 GET /dates 200 in 200ms (next.js: 59ms, application-code: 141ms)
✓ Compiled in 99ms
 GET /dates 200 in 426ms (next.js: 159ms, application-code: 268ms)
 GET /dates 200 in 117ms (next.js: 6ms, application-code: 111ms)
✓ Compiled in 162ms
 GET /dates 200 in 470ms (next.js: 220ms, application-code: 250ms)
 GET /dates 200 in 121ms (next.js: 5ms, application-code: 116ms)
 GET /dates 200 in 1919ms (next.js: 15ms, application-code: 1905ms)
 GET /dates/products 200 in 1811ms (next.js: 222ms, application-code: 1589ms)
 GET /dates/gallery 200 in 2.6s (next.js: 2.2s, application-code: 439ms)
 GET /dates/policies 200 in 2.2s (next.js: 1802ms, application-code: 424ms)
 GET /dates 200 in 1596ms (next.js: 14ms, application-code: 1582ms)
 GET /oils 200 in 1551ms (next.js: 19ms, application-code: 1532ms)
 GET /real-estate 200 in 839ms (next.js: 14ms, application-code: 825ms)
 GET /import-export 200 in 773ms (next.js: 15ms, application-code: 758ms)
 GET /dates/products 200 in 18.3s (next.js: 26ms, application-code: 18.3s)
 GET /dates/products 200 in 40ms (next.js: 21ms, application-code: 19ms)
 GET /dates/products 200 in 1843ms (next.js: 11ms, application-code: 1832ms)
 GET /dates/gift-boxes 200 in 1724ms (next.js: 877ms, application-code: 848ms)
 GET /dates 200 in 627ms (next.js: 20ms, application-code: 606ms)
 GET /dates 200 in 442ms (next.js: 17ms, application-code: 425ms)
 GET / 200 in 2.3s (next.js: 328ms, application-code: 1932ms)
 GET /about 200 in 754ms (next.js: 240ms, application-code: 514ms)
 GET / 200 in 662ms (next.js: 6ms, application-code: 655ms)
 GET /real-estate 200 in 387ms (next.js: 14ms, application-code: 372ms)
