[browser] Detected `scroll-behavior: smooth` on the `<html>` element. To disable smooth scrolling during route transitions, add `data-scroll-behavior="smooth"` to your <html> element. Learn more: https://nextjs.org/docs/messages/missing-data-scroll-behavior (file://E:/SaaS/abu qasaa/frontend/.next/dev/static/chunks/node_modules_next_dist_1ybzpk2._.js:2477:13)
[browser] Image with src "/brand/abu-qasaa-oils-logo.jpg" was detected as the Largest Contentful Paint (LCP). Please add the `loading="eager"` property if this image is above the fold.
Read more: https://nextjs.org/docs/app/api-reference/components/image#loading (file://E:/SaaS/abu qasaa/frontend/.next/dev/static/chunks/node_modules_next_dist_1ybzpk2._.js:2477:13)
⨯ TypeError: Cannot read properties of undefined (reading 'oils')
    at HomePage (src\app\(public)\page.tsx:21:87)
  19 | ...
  20 | ...
> 21 | ... "/oils", tone: dictionary.home.sectorTags.oils, metric: dictionary.home.sectorMetrics....
     |                                               ^
  22 | ...: "/dates", tone: dictionary.home.sectorTags.dates, metric: dictionary.home.sectorMetri...
  23 | ... href: "/real-estate", tone: dictionary.home.sectorTags.realEstate, metric: dictionary....
  24 | ...t, href: "/import-export", tone: dictionary.home.sectorTags.importExport, metric: dicti... {
  digest: '4167497844'
}
⨯ TypeError: Cannot read properties of undefined (reading 'oils')
    at HomePage (src\app\(public)\page.tsx:21:87)
  19 | ...
  20 | ...
> 21 | ... "/oils", tone: dictionary.home.sectorTags.oils, metric: dictionary.home.sectorMetrics....
     |                                               ^
  22 | ...: "/dates", tone: dictionary.home.sectorTags.dates, metric: dictionary.home.sectorMetri...
  23 | ... href: "/real-estate", tone: dictionary.home.sectorTags.realEstate, metric: dictionary....
  24 | ...t, href: "/import-export", tone: dictionary.home.sectorTags.importExport, metric: dicti... {
  digest: '4167497844'
}
[browser] Detected `scroll-behavior: smooth` on the `<html>` element. To disable smooth scrolling during route transitions, add `data-scroll-behavior="smooth"` to your <html> element. Learn more: https://nextjs.org/docs/messages/missing-data-scroll-behavior (file://E:/SaaS/abu qasaa/frontend/.next/dev/static/chunks/node_modules_next_dist_1ybzpk2._.js:2477:13)
⨯ TypeError: Cannot read properties of undefined (reading 'oils')
    at HomePage (src\app\(public)\page.tsx:21:87)
  19 | ...
  20 | ...
> 21 | ... "/oils", tone: dictionary.home.sectorTags.oils, metric: dictionary.home.sectorMetrics....
     |                                               ^
  22 | ...: "/dates", tone: dictionary.home.sectorTags.dates, metric: dictionary.home.sectorMetri...
  23 | ... href: "/real-estate", tone: dictionary.home.sectorTags.realEstate, metric: dictionary....
  24 | ...t, href: "/import-export", tone: dictionary.home.sectorTags.importExport, metric: dicti... {
  digest: '4167497844'
}
⨯ TypeError: Cannot read properties of undefined (reading 'oils')
    at HomePage (src\app\(public)\page.tsx:21:87)
  19 | ...
  20 | ...
> 21 | ... "/oils", tone: dictionary.home.sectorTags.oils, metric: dictionary.home.sectorMetrics....
     |                                               ^
  22 | ...: "/dates", tone: dictionary.home.sectorTags.dates, metric: dictionary.home.sectorMetri...
  23 | ... href: "/real-estate", tone: dictionary.home.sectorTags.realEstate, metric: dictionary....
  24 | ...t, href: "/import-export", tone: dictionary.home.sectorTags.importExport, metric: dicti... {
  digest: '2370144568'
}
⨯ TypeError: Cannot read properties of undefined (reading 'oils')
    at HomePage (src\app\(public)\page.tsx:21:87)
  19 | ...
  20 | ...
> 21 | ... "/oils", tone: dictionary.home.sectorTags.oils, metric: dictionary.home.sectorMetrics....
     |                                               ^
  22 | ...: "/dates", tone: dictionary.home.sectorTags.dates, metric: dictionary.home.sectorMetri...
  23 | ... href: "/real-estate", tone: dictionary.home.sectorTags.realEstate, metric: dictionary....
  24 | ...t, href: "/import-export", tone: dictionary.home.sectorTags.importExport, metric: dicti... {
  digest: '3503741818'
}
⨯ TypeError: Cannot read properties of undefined (reading 'oils')
    at HomePage (src\app\(public)\page.tsx:21:87)
  19 | ...
  20 | ...
> 21 | ... "/oils", tone: dictionary.home.sectorTags.oils, metric: dictionary.home.sectorMetrics....
     |                                               ^
  22 | ...: "/dates", tone: dictionary.home.sectorTags.dates, metric: dictionary.home.sectorMetri...
  23 | ... href: "/real-estate", tone: dictionary.home.sectorTags.realEstate, metric: dictionary....
  24 | ...t, href: "/import-export", tone: dictionary.home.sectorTags.importExport, metric: dicti... {
  digest: '4167497844'
}
⨯ TypeError: Cannot read properties of undefined (reading 'oils')
    at HomePage (src\app\(public)\page.tsx:21:87)
  19 | ...
  20 | ...
> 21 | ... "/oils", tone: dictionary.home.sectorTags.oils, metric: dictionary.home.sectorMetrics....
     |                                               ^
  22 | ...: "/dates", tone: dictionary.home.sectorTags.dates, metric: dictionary.home.sectorMetri...
  23 | ... href: "/real-estate", tone: dictionary.home.sectorTags.realEstate, metric: dictionary....
  24 | ...t, href: "/import-export", tone: dictionary.home.sectorTags.importExport, metric: dicti... {
  digest: '4167497844'
}
⨯ TypeError: Cannot read properties of undefined (reading 'oils')
    at HomePage (src\app\(public)\page.tsx:21:87)
  19 | ...
  20 | ...
> 21 | ... "/oils", tone: dictionary.home.sectorTags.oils, metric: dictionary.home.sectorMetrics....
     |                                               ^
  22 | ...: "/dates", tone: dictionary.home.sectorTags.dates, metric: dictionary.home.sectorMetri...
  23 | ... href: "/real-estate", tone: dictionary.home.sectorTags.realEstate, metric: dictionary....
  24 | ...t, href: "/import-export", tone: dictionary.home.sectorTags.importExport, metric: dicti... {
  digest: '4167497844'
}
⨯ TypeError: Cannot read properties of undefined (reading 'oils')
    at HomePage (src\app\(public)\page.tsx:21:87)
  19 | ...
  20 | ...
> 21 | ... "/oils", tone: dictionary.home.sectorTags.oils, metric: dictionary.home.sectorMetrics....
     |                                               ^
  22 | ...: "/dates", tone: dictionary.home.sectorTags.dates, metric: dictionary.home.sectorMetri...
  23 | ... href: "/real-estate", tone: dictionary.home.sectorTags.realEstate, metric: dictionary....
  24 | ...t, href: "/import-export", tone: dictionary.home.sectorTags.importExport, metric: dicti... {
  digest: '4167497844'
}
⨯ TypeError: Cannot read properties of undefined (reading 'oils')
    at HomePage (src\app\(public)\page.tsx:21:87)
  19 | ...
  20 | ...
> 21 | ... "/oils", tone: dictionary.home.sectorTags.oils, metric: dictionary.home.sectorMetrics....
     |                                               ^
  22 | ...: "/dates", tone: dictionary.home.sectorTags.dates, metric: dictionary.home.sectorMetri...
  23 | ... href: "/real-estate", tone: dictionary.home.sectorTags.realEstate, metric: dictionary....
  24 | ...t, href: "/import-export", tone: dictionary.home.sectorTags.importExport, metric: dicti... {
  digest: '4167497844'
}
⨯ TypeError: Cannot read properties of undefined (reading 'oils')
    at HomePage (src\app\(public)\page.tsx:21:87)
  19 | ...
  20 | ...
> 21 | ... "/oils", tone: dictionary.home.sectorTags.oils, metric: dictionary.home.sectorMetrics....
     |                                               ^
  22 | ...: "/dates", tone: dictionary.home.sectorTags.dates, metric: dictionary.home.sectorMetri...
  23 | ... href: "/real-estate", tone: dictionary.home.sectorTags.realEstate, metric: dictionary....
  24 | ...t, href: "/import-export", tone: dictionary.home.sectorTags.importExport, metric: dicti... {
  digest: '4167497844'
}
[browser] Detected `scroll-behavior: smooth` on the `<html>` element. To disable smooth scrolling during route transitions, add `data-scroll-behavior="smooth"` to your <html> element. Learn more: https://nextjs.org/docs/messages/missing-data-scroll-behavior (file://E:/SaaS/abu qasaa/frontend/.next/dev/static/chunks/node_modules_next_dist_1ybzpk2._.js:2477:13)
[browser] Detected `scroll-behavior: smooth` on the `<html>` element. To disable smooth scrolling during route transitions, add `data-scroll-behavior="smooth"` to your <html> element. Learn more: https://nextjs.org/docs/messages/missing-data-scroll-behavior (file://E:/SaaS/abu qasaa/frontend/.next/dev/static/chunks/node_modules_next_dist_1ybzpk2._.js:2477:13)
[browser] Detected `scroll-behavior: smooth` on the `<html>` element. To disable smooth scrolling during route transitions, add `data-scroll-behavior="smooth"` to your <html> element. Learn more: https://nextjs.org/docs/messages/missing-data-scroll-behavior (file://E:/SaaS/abu qasaa/frontend/.next/dev/static/chunks/node_modules_next_dist_1ybzpk2._.js:2477:13)
[browser] Detected `scroll-behavior: smooth` on the `<html>` element. To disable smooth scrolling during route transitions, add `data-scroll-behavior="smooth"` to your <html> element. Learn more: https://nextjs.org/docs/messages/missing-data-scroll-behavior (file://E:/SaaS/abu qasaa/frontend/.next/dev/static/chunks/node_modules_next_dist_1ybzpk2._.js:2477:13)
[browser] Detected `scroll-behavior: smooth` on the `<html>` element. To disable smooth scrolling during route transitions, add `data-scroll-behavior="smooth"` to your <html> element. Learn more: https://nextjs.org/docs/messages/missing-data-scroll-behavior (file://E:/SaaS/abu qasaa/frontend/.next/dev/static/chunks/node_modules_next_dist_1ybzpk2._.js:2477:13)
[browser] Detected `scroll-behavior: smooth` on the `<html>` element. To disable smooth scrolling during route transitions, add `data-scroll-behavior="smooth"` to your <html> element. Learn more: https://nextjs.org/docs/messages/missing-data-scroll-behavior (file://E:/SaaS/abu qasaa/frontend/.next/dev/static/chunks/node_modules_next_dist_1ybzpk2._.js:2477:13)
[browser] Detected `scroll-behavior: smooth` on the `<html>` element. To disable smooth scrolling during route transitions, add `data-scroll-behavior="smooth"` to your <html> element. Learn more: https://nextjs.org/docs/messages/missing-data-scroll-behavior (file://E:/SaaS/abu qasaa/frontend/.next/dev/static/chunks/node_modules_next_dist_1ybzpk2._.js:2477:13)
[browser] Detected `scroll-behavior: smooth` on the `<html>` element. To disable smooth scrolling during route transitions, add `data-scroll-behavior="smooth"` to your <html> element. Learn more: https://nextjs.org/docs/messages/missing-data-scroll-behavior (file://E:/SaaS/abu qasaa/frontend/.next/dev/static/chunks/node_modules_next_dist_1ybzpk2._.js:2477:13)
[browser] Detected `scroll-behavior: smooth` on the `<html>` element. To disable smooth scrolling during route transitions, add `data-scroll-behavior="smooth"` to your <html> element. Learn more: https://nextjs.org/docs/messages/missing-data-scroll-behavior (file://E:/SaaS/abu qasaa/frontend/.next/dev/static/chunks/node_modules_next_dist_1ybzpk2._.js:2477:13)
[browser] Detected `scroll-behavior: smooth` on the `<html>` element. To disable smooth scrolling during route transitions, add `data-scroll-behavior="smooth"` to your <html> element. Learn more: https://nextjs.org/docs/messages/missing-data-scroll-behavior (file://E:/SaaS/abu qasaa/frontend/.next/dev/static/chunks/node_modules_next_dist_1ybzpk2._.js:2477:13)
[browser] Detected `scroll-behavior: smooth` on the `<html>` element. To disable smooth scrolling during route transitions, add `data-scroll-behavior="smooth"` to your <html> element. Learn more: https://nextjs.org/docs/messages/missing-data-scroll-behavior (file://E:/SaaS/abu qasaa/frontend/.next/dev/static/chunks/node_modules_next_dist_1ybzpk2._.js:2477:13)
[browser] Detected `scroll-behavior: smooth` on the `<html>` element. To disable smooth scrolling during route transitions, add `data-scroll-behavior="smooth"` to your <html> element. Learn more: https://nextjs.org/docs/messages/missing-data-scroll-behavior (file://E:/SaaS/abu qasaa/frontend/.next/dev/static/chunks/node_modules_next_dist_1ybzpk2._.js:2477:13)
[browser] Detected `scroll-behavior: smooth` on the `<html>` element. To disable smooth scrolling during route transitions, add `data-scroll-behavior="smooth"` to your <html> element. Learn more: https://nextjs.org/docs/messages/missing-data-scroll-behavior (file://E:/SaaS/abu qasaa/frontend/.next/dev/static/chunks/node_modules_next_dist_1ybzpk2._.js:2477:13)
[browser] Detected `scroll-behavior: smooth` on the `<html>` element. To disable smooth scrolling during route transitions, add `data-scroll-behavior="smooth"` to your <html> element. Learn more: https://nextjs.org/docs/messages/missing-data-scroll-behavior (file://E:/SaaS/abu qasaa/frontend/.next/dev/static/chunks/node_modules_next_dist_1ybzpk2._.js:2477:13)
[browser] Detected `scroll-behavior: smooth` on the `<html>` element. To disable smooth scrolling during route transitions, add `data-scroll-behavior="smooth"` to your <html> element. Learn more: https://nextjs.org/docs/messages/missing-data-scroll-behavior (file://E:/SaaS/abu qasaa/frontend/.next/dev/static/chunks/node_modules_next_dist_1ybzpk2._.js:2477:13)
[browser] Detected `scroll-behavior: smooth` on the `<html>` element. To disable smooth scrolling during route transitions, add `data-scroll-behavior="smooth"` to your <html> element. Learn more: https://nextjs.org/docs/messages/missing-data-scroll-behavior (file://E:/SaaS/abu qasaa/frontend/.next/dev/static/chunks/node_modules_next_dist_1ybzpk2._.js:2477:13)
[browser] Detected `scroll-behavior: smooth` on the `<html>` element. To disable smooth scrolling during route transitions, add `data-scroll-behavior="smooth"` to your <html> element. Learn more: https://nextjs.org/docs/messages/missing-data-scroll-behavior (file://E:/SaaS/abu qasaa/frontend/.next/dev/static/chunks/node_modules_next_dist_1ybzpk2._.js:2477:13)
[browser] Detected `scroll-behavior: smooth` on the `<html>` element. To disable smooth scrolling during route transitions, add `data-scroll-behavior="smooth"` to your <html> element. Learn more: https://nextjs.org/docs/messages/missing-data-scroll-behavior (file://E:/SaaS/abu qasaa/frontend/.next/dev/static/chunks/node_modules_next_dist_1ybzpk2._.js:2477:13)
[browser] Detected `scroll-behavior: smooth` on the `<html>` element. To disable smooth scrolling during route transitions, add `data-scroll-behavior="smooth"` to your <html> element. Learn more: https://nextjs.org/docs/messages/missing-data-scroll-behavior (file://E:/SaaS/abu qasaa/frontend/.next/dev/static/chunks/node_modules_next_dist_1ybzpk2._.js:2477:13)
[browser] Detected `scroll-behavior: smooth` on the `<html>` element. To disable smooth scrolling during route transitions, add `data-scroll-behavior="smooth"` to your <html> element. Learn more: https://nextjs.org/docs/messages/missing-data-scroll-behavior (file://E:/SaaS/abu qasaa/frontend/.next/dev/static/chunks/node_modules_next_dist_1ybzpk2._.js:2477:13)
[browser] Image with src "/brand/ghosoun/hero-dates.jpg" was detected as the Largest Contentful Paint (LCP). Please add the `loading="eager"` property if this image is above the fold.
Read more: https://nextjs.org/docs/app/api-reference/components/image#loading (file://E:/SaaS/abu qasaa/frontend/.next/dev/static/chunks/node_modules_next_dist_1ybzpk2._.js:2477:13)
[browser] Image with src "/brand/ghosoun/hero-dates.jpg" was detected as the Largest Contentful Paint (LCP). Please add the `loading="eager"` property if this image is above the fold.
Read more: https://nextjs.org/docs/app/api-reference/components/image#loading (file://E:/SaaS/abu qasaa/frontend/.next/dev/static/chunks/node_modules_next_dist_1ybzpk2._.js:2477:13)
[browser] Detected `scroll-behavior: smooth` on the `<html>` element. To disable smooth scrolling during route transitions, add `data-scroll-behavior="smooth"` to your <html> element. Learn more: https://nextjs.org/docs/messages/missing-data-scroll-behavior (file://E:/SaaS/abu qasaa/frontend/.next/dev/static/chunks/node_modules_next_dist_1ybzpk2._.js:2477:13)
[browser] Detected `scroll-behavior: smooth` on the `<html>` element. To disable smooth scrolling during route transitions, add `data-scroll-behavior="smooth"` to your <html> element. Learn more: https://nextjs.org/docs/messages/missing-data-scroll-behavior (file://E:/SaaS/abu qasaa/frontend/.next/dev/static/chunks/node_modules_next_dist_1ybzpk2._.js:2477:13)
